[INFO ] 16:52:10.958 o.h.validator.internal.util.Version - HV000001: Hibernate Validator 8.0.2.Final
[INFO ] 16:52:10.987 j.j.JCoSapRfcLinkApplication - Starting JCoSapRfcLinkApplication using Java 17 with PID 45672 (D:\temp\JCoSapRfcLink\build\classes\java\main started by 2023A024 in D:\temp\JCoSapRfcLink)
[INFO ] 16:52:10.987 j.j.JCoSapRfcLinkApplication - The following 1 profile is active: "test-local"
[INFO ] 16:52:12.067 o.s.d.r.c.RepositoryConfigurationDelegate - Bootstrapping Spring Data JPA repositories in DEFAULT mode.
[INFO ] 16:52:12.161 o.s.d.r.c.RepositoryConfigurationDelegate - Finished Spring Data repository scanning in 77 ms. Found 1 JPA repository interface.
[INFO ] 16:52:13.433 o.s.b.w.e.tomcat.TomcatWebServer - Tomcat initialized with port 8080 (http)
[INFO ] 16:52:13.462 o.a.coyote.http11.Http11NioProtocol - Initializing ProtocolHandler ["http-nio-8080"]
[INFO ] 16:52:13.463 o.a.catalina.core.StandardService - Starting service [Tomcat]
[INFO ] 16:52:13.463 o.a.catalina.core.StandardEngine - Starting Servlet engine: [Apache Tomcat/10.1.40]
[INFO ] 16:52:13.535 o.a.c.c.C.[Tomcat].[localhost].[/] - Initializing Spring embedded WebApplicationContext
[INFO ] 16:52:13.535 o.s.b.w.s.c.ServletWebServerApplicationContext - Root WebApplicationContext: initialization completed in 2509 ms
[INFO ] 16:52:13.664 o.h.jpa.internal.util.LogHelper - HHH000204: Processing PersistenceUnitInfo [name: default]
[INFO ] 16:52:13.717 org.hibernate.Version - HHH000412: Hibernate ORM core version 6.6.13.Final
[INFO ] 16:52:13.743 o.h.c.i.RegionFactoryInitiator - HHH000026: Second-level cache disabled
[INFO ] 16:52:14.042 o.s.o.j.p.SpringPersistenceUnitInfo - No LoadTimeWeaver setup: ignoring JPA class transformer
[INFO ] 16:52:14.072 com.zaxxer.hikari.HikariDataSource - HikariPool-1 - Starting...
[INFO ] 16:52:16.141 com.zaxxer.hikari.pool.HikariPool - HikariPool-1 - Added connection org.mariadb.jdbc.Connection@b76b7d8
[INFO ] 16:52:16.141 com.zaxxer.hikari.HikariDataSource - HikariPool-1 - Start completed.
[INFO ] 16:52:16.204 o.hibernate.orm.connections.pooling - HHH10001005: Database info:
	Database JDBC URL [Connecting through datasource 'HikariDataSource (HikariPool-1)']
	Database driver: undefined/unknown
	Database version: 11.4.2
	Autocommit mode: undefined/unknown
	Isolation level: undefined/unknown
	Minimum pool size: undefined/unknown
	Maximum pool size: undefined/unknown
[INFO ] 16:52:16.878 o.h.e.t.j.p.i.JtaPlatformInitiator - HHH000489: No JTA platform available (set 'hibernate.transaction.jta.platform' to enable JTA platform integration)
[INFO ] 16:52:16.878 o.s.o.j.LocalContainerEntityManagerFactoryBean - Initialized JPA EntityManagerFactory for persistence unit 'default'
[INFO ] 16:52:17.097 j.j.config.saprfc.SapRFCConnection - RFC Server Start
[INFO ] 16:52:17.097 j.j.c.saprfc.JCoConnectionManager - SAP RFC 서버 시작 시도...
[INFO ] 16:52:18.416 j.j.c.saprfc.JCoConnectionManager - SAP RFC 서버가 정상적으로 시작되었습니다.
[WARN ] 16:52:18.463 o.s.b.a.o.j.JpaBaseConfiguration$JpaWebConfiguration - spring.jpa.open-in-view is enabled by default. Therefore, database queries may be performed during view rendering. Explicitly configure spring.jpa.open-in-view to disable this warning
[INFO ] 16:52:18.767 o.a.coyote.http11.Http11NioProtocol - Starting ProtocolHandler ["http-nio-8080"]
[INFO ] 16:52:18.783 o.s.b.w.e.tomcat.TomcatWebServer - Tomcat started on port 8080 (http) with context path '/'
[INFO ] 16:52:18.799 j.j.JCoSapRfcLinkApplication - Started JCoSapRfcLinkApplication in 8.681 seconds (process running for 81.458)
[INFO ] 21:09:05.303 o.a.c.c.C.[Tomcat].[localhost].[/] - Initializing Spring DispatcherServlet 'dispatcherServlet'
[INFO ] 21:09:05.395 o.s.web.servlet.DispatcherServlet - Initializing Servlet 'dispatcherServlet'
[INFO ] 21:09:05.698 o.s.web.servlet.DispatcherServlet - Completed initialization in 300 ms
[INFO ] 21:56:39.903 o.h.validator.internal.util.Version - HV000001: Hibernate Validator 8.0.2.Final
[INFO ] 21:56:40.011 j.j.JCoSapRfcLinkApplication - Starting JCoSapRfcLinkApplication using Java 17 with PID 51748 (D:\temp\JCoSapRfcLink\build\classes\java\main started by 2023A024 in D:\temp\JCoSapRfcLink)
[INFO ] 21:56:40.012 j.j.JCoSapRfcLinkApplication - The following 1 profile is active: "test-local"
[INFO ] 21:56:42.391 o.s.d.r.c.RepositoryConfigurationDelegate - Bootstrapping Spring Data JPA repositories in DEFAULT mode.
[INFO ] 21:56:42.655 o.s.d.r.c.RepositoryConfigurationDelegate - Finished Spring Data repository scanning in 247 ms. Found 1 JPA repository interface.
[INFO ] 21:56:43.689 o.s.b.w.e.tomcat.TomcatWebServer - Tomcat initialized with port 8080 (http)
[INFO ] 21:56:43.713 o.a.coyote.http11.Http11NioProtocol - Initializing ProtocolHandler ["http-nio-8080"]
[INFO ] 21:56:43.716 o.a.catalina.core.StandardService - Starting service [Tomcat]
[INFO ] 21:56:43.717 o.a.catalina.core.StandardEngine - Starting Servlet engine: [Apache Tomcat/10.1.40]
[INFO ] 21:56:43.942 o.a.c.c.C.[Tomcat].[localhost].[/] - Initializing Spring embedded WebApplicationContext
[INFO ] 21:56:43.942 o.s.b.w.s.c.ServletWebServerApplicationContext - Root WebApplicationContext: initialization completed in 3858 ms
[INFO ] 21:56:44.212 o.h.jpa.internal.util.LogHelper - HHH000204: Processing PersistenceUnitInfo [name: default]
[INFO ] 21:56:44.337 org.hibernate.Version - HHH000412: Hibernate ORM core version 6.6.13.Final
[INFO ] 21:56:44.413 o.h.c.i.RegionFactoryInitiator - HHH000026: Second-level cache disabled
[INFO ] 21:56:44.938 o.s.o.j.p.SpringPersistenceUnitInfo - No LoadTimeWeaver setup: ignoring JPA class transformer
[INFO ] 21:56:44.991 com.zaxxer.hikari.HikariDataSource - HikariPool-1 - Starting...
[INFO ] 21:56:45.582 com.zaxxer.hikari.pool.HikariPool - HikariPool-1 - Added connection org.mariadb.jdbc.Connection@17ae13d5
[INFO ] 21:56:45.585 com.zaxxer.hikari.HikariDataSource - HikariPool-1 - Start completed.
[INFO ] 21:56:45.703 o.hibernate.orm.connections.pooling - HHH10001005: Database info:
	Database JDBC URL [Connecting through datasource 'HikariDataSource (HikariPool-1)']
	Database driver: undefined/unknown
	Database version: 11.4.2
	Autocommit mode: undefined/unknown
	Isolation level: undefined/unknown
	Minimum pool size: undefined/unknown
	Maximum pool size: undefined/unknown
[INFO ] 21:56:47.151 o.h.e.t.j.p.i.JtaPlatformInitiator - HHH000489: No JTA platform available (set 'hibernate.transaction.jta.platform' to enable JTA platform integration)
[INFO ] 21:56:47.156 o.s.o.j.LocalContainerEntityManagerFactoryBean - Initialized JPA EntityManagerFactory for persistence unit 'default'
[WARN ] 21:56:47.180 o.s.b.w.s.c.AnnotationConfigServletWebServerApplicationContext - Exception encountered during context initialization - cancelling refresh attempt: org.springframework.beans.factory.BeanCreationException: Error creating bean with name 'JCoSapRfcConnection': Invocation of init method failed
[INFO ] 21:56:47.180 o.s.o.j.LocalContainerEntityManagerFactoryBean - Closing JPA EntityManagerFactory for persistence unit 'default'
[INFO ] 21:56:47.185 com.zaxxer.hikari.HikariDataSource - HikariPool-1 - Shutdown initiated...
[INFO ] 21:56:47.223 com.zaxxer.hikari.HikariDataSource - HikariPool-1 - Shutdown completed.
[INFO ] 21:56:47.224 o.a.catalina.core.StandardService - Stopping service [Tomcat]
[INFO ] 21:56:47.239 o.s.b.a.l.ConditionEvaluationReportLogger - 

Error starting ApplicationContext. To display the condition evaluation report re-run your application with 'debug' enabled.
[ERROR] 21:56:47.264 o.s.b.d.LoggingFailureAnalysisReporter - 

***************************
APPLICATION FAILED TO START
***************************

Description:

A component required a bean named 'anotherHandler' that could not be found.


Action:

Consider defining a bean named 'anotherHandler' in your configuration.

