[INFO ] 09:02:56.033 o.h.validator.internal.util.Version - HV000001: Hibernate Validator 8.0.2.Final
[INFO ] 09:02:56.175 j.j.JCoSapRfcLinkApplication - Starting JCoSapRfcLinkApplication using Java 17 with PID 17980 (D:\temp\JCoSapRfcLink\bin\main started by 2023A024 in D:\temp\JCoSapRfcLink)
[INFO ] 09:02:56.179 j.j.JCoSapRfcLinkApplication - The following 1 profile is active: "test-local"
[INFO ] 09:02:58.269 o.s.d.r.c.RepositoryConfigurationDelegate - Bootstrapping Spring Data JPA repositories in DEFAULT mode.
[INFO ] 09:02:58.543 o.s.d.r.c.RepositoryConfigurationDelegate - Finished Spring Data repository scanning in 253 ms. Found 2 JPA repository interfaces.
[INFO ] 09:02:59.935 o.s.b.w.e.tomcat.TomcatWebServer - Tomcat initialized with port 8080 (http)
[INFO ] 09:02:59.971 o.a.coyote.http11.Http11NioProtocol - Initializing ProtocolHandler ["http-nio-8080"]
[INFO ] 09:02:59.977 o.a.catalina.core.StandardService - Starting service [Tomcat]
[INFO ] 09:02:59.978 o.a.catalina.core.StandardEngine - Starting Servlet engine: [Apache Tomcat/10.1.40]
[INFO ] 09:03:00.251 o.a.c.c.C.[Tomcat].[localhost].[/] - Initializing Spring embedded WebApplicationContext
[INFO ] 09:03:00.253 o.s.b.w.s.c.ServletWebServerApplicationContext - Root WebApplicationContext: initialization completed in 3981 ms
[INFO ] 09:03:00.821 o.h.jpa.internal.util.LogHelper - HHH000204: Processing PersistenceUnitInfo [name: default]
[INFO ] 09:03:01.047 org.hibernate.Version - HHH000412: Hibernate ORM core version 6.6.13.Final
[INFO ] 09:03:01.148 o.h.c.i.RegionFactoryInitiator - HHH000026: Second-level cache disabled
[INFO ] 09:03:01.964 o.s.o.j.p.SpringPersistenceUnitInfo - No LoadTimeWeaver setup: ignoring JPA class transformer
[INFO ] 09:03:02.051 com.zaxxer.hikari.HikariDataSource - HikariPool-1 - Starting...
[INFO ] 09:03:02.547 com.zaxxer.hikari.pool.HikariPool - HikariPool-1 - Added connection org.mariadb.jdbc.Connection@43778371
[INFO ] 09:03:02.553 com.zaxxer.hikari.HikariDataSource - HikariPool-1 - Start completed.
[INFO ] 09:03:02.695 o.hibernate.orm.connections.pooling - HHH10001005: Database info:
	Database JDBC URL [Connecting through datasource 'HikariDataSource (HikariPool-1)']
	Database driver: undefined/unknown
	Database version: 11.4.2
	Autocommit mode: undefined/unknown
	Isolation level: undefined/unknown
	Minimum pool size: undefined/unknown
	Maximum pool size: undefined/unknown
[INFO ] 09:03:04.886 o.h.e.t.j.p.i.JtaPlatformInitiator - HHH000489: No JTA platform available (set 'hibernate.transaction.jta.platform' to enable JTA platform integration)
[INFO ] 09:03:04.894 o.s.o.j.LocalContainerEntityManagerFactoryBean - Initialized JPA EntityManagerFactory for persistence unit 'default'
[INFO ] 09:03:06.078 j.j.c.s.c.JCoSapRfcConnection - SAP RFC 서버 초기화 시작
[INFO ] 09:03:06.817 j.j.c.s.c.JCoSapRfcConnection - RFC 핸들러 등록 시작
[INFO ] 09:03:06.819 j.j.c.s.c.JCoSapRfcConnection - 설정된 함수 목록: [SapRfcFunctionProperties(name=ZFI_TAXINV_STATUS_TO_WEB, handler=taxInvoiceStateHandler, tables=null)]
[INFO ] 09:03:06.823 j.j.c.s.c.JCoSapRfcConnection - 핸들러 등록 시도: function=ZFI_TAXINV_STATUS_TO_WEB, handler=taxInvoiceStateHandler
[INFO ] 09:03:06.825 j.j.c.s.c.JCoSapRfcConnection - 핸들러 타입: jco.jcosaprfclink.config.saprfc.connection.handler.TaxInvoiceStateHandler$$SpringCGLIB$$0
[INFO ] 09:03:06.826 j.j.c.s.c.JCoSapRfcConnection - 핸들러 인스턴스 생성 성공: jco.jcosaprfclink.config.saprfc.connection.handler.TaxInvoiceStateHandler$$SpringCGLIB$$0
[INFO ] 09:03:06.830 j.j.c.s.c.JCoSapRfcConnection - 핸들러 맵에 저장 완료: function=ZFI_TAXINV_STATUS_TO_WEB, handler=TaxInvoiceStateHandler$$SpringCGLIB$$0
[INFO ] 09:03:06.836 j.j.c.s.c.JCoSapRfcConnection - 핸들러 등록 완료: function=ZFI_TAXINV_STATUS_TO_WEB, handler=taxInvoiceStateHandler, type=jco.jcosaprfclink.config.saprfc.connection.handler.TaxInvoiceStateHandler$$SpringCGLIB$$0
[INFO ] 09:03:06.837 j.j.c.s.c.JCoSapRfcConnection - 등록된 핸들러 목록:
[INFO ] 09:03:06.838 j.j.c.s.c.JCoSapRfcConnection - - function: ZFI_TAXINV_STATUS_TO_WEB, handler: TaxInvoiceStateHandler$$SpringCGLIB$$0, type: jco.jcosaprfclink.config.saprfc.connection.handler.TaxInvoiceStateHandler$$SpringCGLIB$$0
[INFO ] 09:03:06.882 j.j.c.s.c.JCoSapRfcConnection - SAP RFC 서버가 성공적으로 시작되었습니다. Program ID: QH_SED
[WARN ] 09:03:07.071 o.s.b.a.o.j.JpaBaseConfiguration$JpaWebConfiguration - spring.jpa.open-in-view is enabled by default. Therefore, database queries may be performed during view rendering. Explicitly configure spring.jpa.open-in-view to disable this warning
[INFO ] 09:03:08.672 o.a.coyote.http11.Http11NioProtocol - Starting ProtocolHandler ["http-nio-8080"]
[INFO ] 09:03:08.740 o.s.b.w.e.tomcat.TomcatWebServer - Tomcat started on port 8080 (http) with context path '/'
[INFO ] 09:03:08.763 j.j.JCoSapRfcLinkApplication - Started JCoSapRfcLinkApplication in 13.92 seconds (process running for 31.435)
[INFO ] 09:09:39.879 j.j.c.s.c.handler.RfcLoggingAspect - RFC 요청 시작: function=ZFI_TAXINV_STATUS_TO_WEB, handler=TaxInvoiceStateHandler
[INFO ] 09:09:39.880 j.j.c.s.c.h.TaxInvoiceStateHandler - [TaxInvoiceStateHandler] handleRequest 시작 - function: ZFI_TAXINV_STATUS_TO_WEB
[INFO ] 09:09:39.887 j.j.config.aop.TimeTraceAspect - TaxInvoiceStateService.taxinvoiceState(..) - Total time = 1.792E-4s
[INFO ] 09:11:08.491 j.j.c.s.c.handler.RfcLoggingAspect - RFC 요청 시작: function=ZFI_TAXINV_STATUS_TO_WEB, handler=TaxInvoiceStateHandler
[INFO ] 09:11:08.492 j.j.c.s.c.h.TaxInvoiceStateHandler - [TaxInvoiceStateHandler] handleRequest 시작 - function: ZFI_TAXINV_STATUS_TO_WEB
[INFO ] 09:11:08.493 j.j.config.aop.TimeTraceAspect - TaxInvoiceStateService.taxinvoiceState(..) - Total time = 1.845E-4s
[INFO ] 09:15:17.150 j.j.c.s.c.handler.RfcLoggingAspect - RFC 요청 시작: function=ZFI_TAXINV_STATUS_TO_WEB, handler=TaxInvoiceStateHandler
[INFO ] 09:15:17.151 j.j.c.s.c.h.TaxInvoiceStateHandler - [TaxInvoiceStateHandler] handleRequest 시작 - function: ZFI_TAXINV_STATUS_TO_WEB
[INFO ] 09:15:17.152 j.j.config.aop.TimeTraceAspect - TaxInvoiceStateService.taxinvoiceState(..) - Total time = 1.984E-4s
[INFO ] 09:16:02.828 o.a.c.c.C.[Tomcat].[localhost].[/] - Initializing Spring DispatcherServlet 'dispatcherServlet'
[INFO ] 09:16:02.829 o.s.web.servlet.DispatcherServlet - Initializing Servlet 'dispatcherServlet'
[INFO ] 09:16:02.831 o.s.web.servlet.DispatcherServlet - Completed initialization in 1 ms
[INFO ] 09:30:38.704 o.h.validator.internal.util.Version - HV000001: Hibernate Validator 8.0.2.Final
[INFO ] 09:30:38.831 j.j.JCoSapRfcLinkApplication - Starting JCoSapRfcLinkApplication using Java 17 with PID 12232 (D:\temp\JCoSapRfcLink\bin\main started by 2023A024 in D:\temp\JCoSapRfcLink)
[INFO ] 09:30:38.834 j.j.JCoSapRfcLinkApplication - The following 1 profile is active: "test-local"
[INFO ] 09:30:40.685 o.s.d.r.c.RepositoryConfigurationDelegate - Bootstrapping Spring Data JPA repositories in DEFAULT mode.
[INFO ] 09:30:40.902 o.s.d.r.c.RepositoryConfigurationDelegate - Finished Spring Data repository scanning in 199 ms. Found 2 JPA repository interfaces.
[INFO ] 09:30:42.203 o.s.b.w.e.tomcat.TomcatWebServer - Tomcat initialized with port 8080 (http)
[INFO ] 09:30:42.231 o.a.coyote.http11.Http11NioProtocol - Initializing ProtocolHandler ["http-nio-8080"]
[INFO ] 09:30:42.237 o.a.catalina.core.StandardService - Starting service [Tomcat]
[INFO ] 09:30:42.238 o.a.catalina.core.StandardEngine - Starting Servlet engine: [Apache Tomcat/10.1.40]
[INFO ] 09:30:42.533 o.a.c.c.C.[Tomcat].[localhost].[/] - Initializing Spring embedded WebApplicationContext
[INFO ] 09:30:42.535 o.s.b.w.s.c.ServletWebServerApplicationContext - Root WebApplicationContext: initialization completed in 3614 ms
[INFO ] 09:30:42.904 o.h.jpa.internal.util.LogHelper - HHH000204: Processing PersistenceUnitInfo [name: default]
[INFO ] 09:30:43.027 org.hibernate.Version - HHH000412: Hibernate ORM core version 6.6.13.Final
[INFO ] 09:30:43.087 o.h.c.i.RegionFactoryInitiator - HHH000026: Second-level cache disabled
[INFO ] 09:30:43.679 o.s.o.j.p.SpringPersistenceUnitInfo - No LoadTimeWeaver setup: ignoring JPA class transformer
[INFO ] 09:30:43.755 com.zaxxer.hikari.HikariDataSource - HikariPool-1 - Starting...
[INFO ] 09:30:44.295 com.zaxxer.hikari.pool.HikariPool - HikariPool-1 - Added connection org.mariadb.jdbc.Connection@6b7c4734
[INFO ] 09:30:44.299 com.zaxxer.hikari.HikariDataSource - HikariPool-1 - Start completed.
[INFO ] 09:30:44.403 o.hibernate.orm.connections.pooling - HHH10001005: Database info:
	Database JDBC URL [Connecting through datasource 'HikariDataSource (HikariPool-1)']
	Database driver: undefined/unknown
	Database version: 11.4.2
	Autocommit mode: undefined/unknown
	Isolation level: undefined/unknown
	Minimum pool size: undefined/unknown
	Maximum pool size: undefined/unknown
[INFO ] 09:30:45.753 o.h.e.t.j.p.i.JtaPlatformInitiator - HHH000489: No JTA platform available (set 'hibernate.transaction.jta.platform' to enable JTA platform integration)
[INFO ] 09:30:45.761 o.s.o.j.LocalContainerEntityManagerFactoryBean - Initialized JPA EntityManagerFactory for persistence unit 'default'
[INFO ] 09:30:46.611 j.j.c.s.c.JCoSapRfcConnection - SAP RFC 서버 초기화 시작
[INFO ] 09:30:47.138 j.j.c.s.c.JCoSapRfcConnection - RFC 핸들러 등록 시작
[INFO ] 09:30:47.139 j.j.c.s.c.JCoSapRfcConnection - 설정된 함수 목록: [SapRfcFunctionProperties(name=ZFI_TAXINV_STATUS_TO_WEB, handler=taxInvoiceStateHandler, tables=null)]
[INFO ] 09:30:47.141 j.j.c.s.c.JCoSapRfcConnection - 핸들러 등록 시도: function=ZFI_TAXINV_STATUS_TO_WEB, handler=taxInvoiceStateHandler
[INFO ] 09:30:47.142 j.j.c.s.c.JCoSapRfcConnection - 핸들러 타입: jco.jcosaprfclink.config.saprfc.connection.handler.TaxInvoiceStateHandler$$SpringCGLIB$$0
[INFO ] 09:30:47.143 j.j.c.s.c.JCoSapRfcConnection - 핸들러 인스턴스 생성 성공: jco.jcosaprfclink.config.saprfc.connection.handler.TaxInvoiceStateHandler$$SpringCGLIB$$0
[INFO ] 09:30:47.144 j.j.c.s.c.JCoSapRfcConnection - 핸들러 맵에 저장 완료: function=ZFI_TAXINV_STATUS_TO_WEB, handler=TaxInvoiceStateHandler$$SpringCGLIB$$0
[INFO ] 09:30:47.145 j.j.c.s.c.JCoSapRfcConnection - 핸들러 등록 완료: function=ZFI_TAXINV_STATUS_TO_WEB, handler=taxInvoiceStateHandler, type=jco.jcosaprfclink.config.saprfc.connection.handler.TaxInvoiceStateHandler$$SpringCGLIB$$0
[INFO ] 09:30:47.146 j.j.c.s.c.JCoSapRfcConnection - 등록된 핸들러 목록:
[INFO ] 09:30:47.147 j.j.c.s.c.JCoSapRfcConnection - - function: ZFI_TAXINV_STATUS_TO_WEB, handler: TaxInvoiceStateHandler$$SpringCGLIB$$0, type: jco.jcosaprfclink.config.saprfc.connection.handler.TaxInvoiceStateHandler$$SpringCGLIB$$0
[INFO ] 09:30:47.161 j.j.c.s.c.JCoSapRfcConnection - SAP RFC 서버가 성공적으로 시작되었습니다. Program ID: QH_SED
[WARN ] 09:30:47.270 o.s.b.a.o.j.JpaBaseConfiguration$JpaWebConfiguration - spring.jpa.open-in-view is enabled by default. Therefore, database queries may be performed during view rendering. Explicitly configure spring.jpa.open-in-view to disable this warning
[INFO ] 09:30:48.066 o.a.coyote.http11.Http11NioProtocol - Starting ProtocolHandler ["http-nio-8080"]
[INFO ] 09:30:48.106 o.s.b.w.e.tomcat.TomcatWebServer - Tomcat started on port 8080 (http) with context path '/'
[INFO ] 09:30:48.124 j.j.JCoSapRfcLinkApplication - Started JCoSapRfcLinkApplication in 10.558 seconds (process running for 16.028)
[INFO ] 09:31:53.126 j.j.c.s.c.handler.RfcLoggingAspect - RFC 요청 시작: function=ZFI_TAXINV_STATUS_TO_WEB, handler=TaxInvoiceStateHandler
[INFO ] 09:31:53.127 j.j.c.s.c.h.TaxInvoiceStateHandler - [TaxInvoiceStateHandler] handleRequest 시작 - function: ZFI_TAXINV_STATUS_TO_WEB
[INFO ] 09:31:53.156 j.j.service.TaxInvoiceStateService - 요청 데이터: [{"USER_ID":"hanssem01","MGR_DOC_NO":"XS0120258200000001","CORP_BIZ_NO":"1338122865"},{"USER_ID":"hanssem01","MGR_DOC_NO":"XS0120258200000002","CORP_BIZ_NO":"1338122865"},{"USER_ID":"hanssem01","MGR_DOC_NO":"XS0120248200003496","CORP_BIZ_NO":"1338122865"},{"USER_ID":"hanssem01","MGR_DOC_NO":"XS0120248200003498","CORP_BIZ_NO":"1338122865"}]
[DEBUG] 09:31:53.234 org.hibernate.SQL - 
    select
        st1_0.mgrdoc_no,
        st1_0.appr_no,
        st1_0.channel,
        st1_0.corp_biz_no,
        st1_0.created_at,
        st1_0.doc_type,
        st1_0.doc_type_nm,
        st1_0.err_code,
        st1_0.err_msg,
        st1_0.result,
        st1_0.send_dd,
        st1_0.updated_at,
        st1_0.user_id 
    from
        s_state_taxinvoice st1_0 
    where
        st1_0.mgrdoc_no=?
[DEBUG] 09:31:53.955 org.hibernate.SQL - 
    select
        st1_0.mgrdoc_no,
        st1_0.appr_no,
        st1_0.channel,
        st1_0.corp_biz_no,
        st1_0.created_at,
        st1_0.doc_type,
        st1_0.doc_type_nm,
        st1_0.err_code,
        st1_0.err_msg,
        st1_0.result,
        st1_0.send_dd,
        st1_0.updated_at,
        st1_0.user_id 
    from
        s_state_taxinvoice st1_0 
    where
        st1_0.mgrdoc_no=?
[DEBUG] 09:31:53.964 org.hibernate.SQL - 
    select
        st1_0.mgrdoc_no,
        st1_0.appr_no,
        st1_0.channel,
        st1_0.corp_biz_no,
        st1_0.created_at,
        st1_0.doc_type,
        st1_0.doc_type_nm,
        st1_0.err_code,
        st1_0.err_msg,
        st1_0.result,
        st1_0.send_dd,
        st1_0.updated_at,
        st1_0.user_id 
    from
        s_state_taxinvoice st1_0 
    where
        st1_0.mgrdoc_no=?
[DEBUG] 09:31:53.971 org.hibernate.SQL - 
    select
        st1_0.mgrdoc_no,
        st1_0.appr_no,
        st1_0.channel,
        st1_0.corp_biz_no,
        st1_0.created_at,
        st1_0.doc_type,
        st1_0.doc_type_nm,
        st1_0.err_code,
        st1_0.err_msg,
        st1_0.result,
        st1_0.send_dd,
        st1_0.updated_at,
        st1_0.user_id 
    from
        s_state_taxinvoice st1_0 
    where
        st1_0.mgrdoc_no=?
[WARN ] 09:31:59.043 jco.jcosaprfclink.utils.HttpUtil - HTTP 요청 실패 (재시도 1/3): Read timed out
[WARN ] 09:32:05.066 jco.jcosaprfclink.utils.HttpUtil - HTTP 요청 실패 (재시도 2/3): Read timed out
[INFO ] 09:32:06.893 jco.jcosaprfclink.utils.HttpUtil - ? 성공: 응답 코드 200
[INFO ] 09:32:06.896 j.j.service.TaxInvoiceStateService - API 응답: [{"channel":"NARINER","corpBizNo":"1458703198","mgrdocNo":"XS0120258200000001","userId":"NARINER_COMP_1458703198","issueDd":"","sendDd":"","apprNo":"","docState":"01","docStateNm":"발행","errCode":"KH_COM_0000","errMsg":"정상","result":"SUCCESS","rtn":null,"err_Code":null,"err_Msg":null},{"channel":"NARINER","corpBizNo":"1458703198","mgrdocNo":"XS0120258200000002","userId":"NARINER_COMP_1458703198","issueDd":"","sendDd":"","apprNo":"","docState":"01","docStateNm":"발행","errCode":"KH_COM_0000","errMsg":"정상","result":"SUCCESS","rtn":null,"err_Code":null,"err_Msg":null},{"channel":"NARINER","corpBizNo":"1458703198","mgrdocNo":"XS0120248200003496","userId":"NARINER_COMP_1458703198","issueDd":"","sendDd":"","apprNo":"","docState":"06","docStateNm":"발행취소","errCode":"KH_COM_0000","errMsg":"정상","result":"SUCCESS","rtn":null,"err_Code":null,"err_Msg":null},{"channel":"NARINER","corpBizNo":"1458703198","mgrdocNo":"XS0120248200003498","userId":"NARINER_COMP_1458703198","issueDd":"20241225070010","sendDd":"","apprNo":"2024122041000021a0000001","docState":"31","docStateNm":"신고완료","errCode":"KH_COM_0000","errMsg":"정상","result":"SUCCESS","rtn":null,"err_Code":null,"err_Msg":null}]
[DEBUG] 09:32:06.902 org.hibernate.SQL - 
    select
        st1_0.mgrdoc_no,
        st1_0.appr_no,
        st1_0.channel,
        st1_0.corp_biz_no,
        st1_0.created_at,
        st1_0.doc_type,
        st1_0.doc_type_nm,
        st1_0.err_code,
        st1_0.err_msg,
        st1_0.result,
        st1_0.send_dd,
        st1_0.updated_at,
        st1_0.user_id 
    from
        s_state_taxinvoice st1_0 
    where
        st1_0.mgrdoc_no=?
[DEBUG] 09:32:06.908 org.hibernate.SQL - 
    select
        st1_0.mgrdoc_no,
        st1_0.appr_no,
        st1_0.channel,
        st1_0.corp_biz_no,
        st1_0.created_at,
        st1_0.doc_type,
        st1_0.doc_type_nm,
        st1_0.err_code,
        st1_0.err_msg,
        st1_0.result,
        st1_0.send_dd,
        st1_0.updated_at,
        st1_0.user_id 
    from
        s_state_taxinvoice st1_0 
    where
        st1_0.mgrdoc_no=?
[DEBUG] 09:32:06.934 org.hibernate.SQL - 
    select
        st1_0.mgrdoc_no,
        st1_0.appr_no,
        st1_0.channel,
        st1_0.corp_biz_no,
        st1_0.created_at,
        st1_0.doc_type,
        st1_0.doc_type_nm,
        st1_0.err_code,
        st1_0.err_msg,
        st1_0.result,
        st1_0.send_dd,
        st1_0.updated_at,
        st1_0.user_id 
    from
        s_state_taxinvoice st1_0 
    where
        st1_0.mgrdoc_no=?
[DEBUG] 09:32:06.940 org.hibernate.SQL - 
    select
        st1_0.mgrdoc_no,
        st1_0.appr_no,
        st1_0.channel,
        st1_0.corp_biz_no,
        st1_0.created_at,
        st1_0.doc_type,
        st1_0.doc_type_nm,
        st1_0.err_code,
        st1_0.err_msg,
        st1_0.result,
        st1_0.send_dd,
        st1_0.updated_at,
        st1_0.user_id 
    from
        s_state_taxinvoice st1_0 
    where
        st1_0.mgrdoc_no=?
[DEBUG] 09:32:06.960 org.hibernate.SQL - 
    update
        s_state_taxinvoice 
    set
        corp_biz_no=?,
        err_code=?,
        err_msg=?,
        result=?,
        user_id=? 
    where
        mgrdoc_no=?
[DEBUG] 09:32:06.966 org.hibernate.SQL - 
    update
        s_state_taxinvoice 
    set
        corp_biz_no=?,
        err_code=?,
        err_msg=?,
        result=?,
        user_id=? 
    where
        mgrdoc_no=?
[DEBUG] 09:32:06.970 org.hibernate.SQL - 
    update
        s_state_taxinvoice 
    set
        corp_biz_no=?,
        err_code=?,
        err_msg=?,
        result=?,
        user_id=? 
    where
        mgrdoc_no=?
[DEBUG] 09:32:06.974 org.hibernate.SQL - 
    update
        s_state_taxinvoice 
    set
        corp_biz_no=?,
        err_code=?,
        err_msg=?,
        result=?,
        user_id=? 
    where
        mgrdoc_no=?
[INFO ] 09:32:06.981 j.j.service.TaxInvoiceStateService - 응답 데이터 처리 완료: |----------|--------------------------------------------------|------------------------------------|--------|--------|------------------------|--------------------|--------------------------------------------------------------------------------------------------------------------------------------------------------------------------------------------------------|----------|--|------------------------------|--------|------|------------|--------|
| TABLE 'ZTAXT020S'
|----------|--------------------------------------------------|------------------------------------|--------|--------|------------------------|--------------------|--------------------------------------------------------------------------------------------------------------------------------------------------------------------------------------------------------|----------|--|------------------------------|--------|------|------------|--------|
|CORP_BIZ_N|USER_ID                                           |MGR_DOC_NO                          |ISSUE_DD|SEND_DD |APPR_NO                 |ERR_CODE            |ERR_MSG                                                                                                                                                                                                 |RESULT    |DO|DOC_STATE_NM                  |SEND_DAT|SEND_T|SEND_USER   |MLDDT_BS|
|----------|--------------------------------------------------|------------------------------------|--------|--------|------------------------|--------------------|--------------------------------------------------------------------------------------------------------------------------------------------------------------------------------------------------------|----------|--|------------------------------|--------|------|------------|--------|
|0123456789|01234567890123456789012345678901234567890123456789|012345678901234567890123456789012345|67890123|45678901|234567890123456789012345|67890123456789012345|67890123456789012345678901234567890123456789012345678901234567890123456789012345678901234567890123456789012345678901234567890123456789012345678901234567890123456789012345678901234567890123456789012345|6789012345|67|890123456789012345678901234567|89012345|678901|234567890123|45678901|
|----------|--------------------------------------------------|------------------------------------|--------|--------|------------------------|--------------------|--------------------------------------------------------------------------------------------------------------------------------------------------------------------------------------------------------|----------|--|------------------------------|--------|------|------------|--------|
|          |                                                  |                                    |        |        |                        |KH_COM_0000         |세금계산서 조회 완료                                                                                                                                                                                             |SUCCESS   |01|발행                            |        |      |            |00000000|
|          |                                                  |                                    |        |        |                        |KH_COM_0000         |세금계산서 조회 완료                                                                                                                                                                                             |SUCCESS   |01|발행                            |        |      |            |00000000|
|          |                                                  |                                    |        |        |                        |KH_COM_0000         |세금계산서 조회 완료                                                                                                                                                                                             |SUCCESS   |06|발행취소                          |        |      |            |00000000|
|          |                                                  |                                    |        |20241225|2024122041000021a0000001|KH_COM_0000         |세금계산서 조회 완료                                                                                                                                                                                             |SUCCESS   |31|신고완료                          |        |      |            |00000000|
|----------|--------------------------------------------------|------------------------------------|--------|--------|------------------------|--------------------|--------------------------------------------------------------------------------------------------------------------------------------------------------------------------------------------------------|----------|--|------------------------------|--------|------|------------|--------|

[INFO ] 09:32:06.986 j.j.config.aop.TimeTraceAspect - TaxInvoiceStateService.taxinvoiceState(..) - Total time = 13.8514844s
[INFO ] 09:32:06.986 j.j.c.s.c.h.TaxInvoiceStateHandler - [TaxInvoiceStateHandler] handleRequest 정상 완료 - function: ZFI_TAXINV_STATUS_TO_WEB
[INFO ] 09:32:06.986 j.j.c.s.c.handler.RfcLoggingAspect - RFC 요청 완료: function=ZFI_TAXINV_STATUS_TO_WEB
[INFO ] 09:39:18.441 o.h.validator.internal.util.Version - HV000001: Hibernate Validator 8.0.2.Final
[INFO ] 09:39:18.581 j.j.JCoSapRfcLinkApplication - Starting JCoSapRfcLinkApplication using Java 17 with PID 17144 (D:\temp\JCoSapRfcLink\bin\main started by 2023A024 in D:\temp\JCoSapRfcLink)
[INFO ] 09:39:18.586 j.j.JCoSapRfcLinkApplication - The following 1 profile is active: "test-local"
[INFO ] 09:39:20.557 o.s.d.r.c.RepositoryConfigurationDelegate - Bootstrapping Spring Data JPA repositories in DEFAULT mode.
[INFO ] 09:39:20.833 o.s.d.r.c.RepositoryConfigurationDelegate - Finished Spring Data repository scanning in 246 ms. Found 2 JPA repository interfaces.
[INFO ] 09:39:22.129 o.s.b.w.e.tomcat.TomcatWebServer - Tomcat initialized with port 8080 (http)
[INFO ] 09:39:22.152 o.a.coyote.http11.Http11NioProtocol - Initializing ProtocolHandler ["http-nio-8080"]
[INFO ] 09:39:22.155 o.a.catalina.core.StandardService - Starting service [Tomcat]
[INFO ] 09:39:22.155 o.a.catalina.core.StandardEngine - Starting Servlet engine: [Apache Tomcat/10.1.40]
[INFO ] 09:39:22.336 o.a.c.c.C.[Tomcat].[localhost].[/] - Initializing Spring embedded WebApplicationContext
[INFO ] 09:39:22.337 o.s.b.w.s.c.ServletWebServerApplicationContext - Root WebApplicationContext: initialization completed in 3644 ms
[INFO ] 09:39:22.725 o.h.jpa.internal.util.LogHelper - HHH000204: Processing PersistenceUnitInfo [name: default]
[INFO ] 09:39:22.854 org.hibernate.Version - HHH000412: Hibernate ORM core version 6.6.13.Final
[INFO ] 09:39:22.932 o.h.c.i.RegionFactoryInitiator - HHH000026: Second-level cache disabled
[INFO ] 09:39:23.556 o.s.o.j.p.SpringPersistenceUnitInfo - No LoadTimeWeaver setup: ignoring JPA class transformer
[INFO ] 09:39:23.623 com.zaxxer.hikari.HikariDataSource - HikariPool-1 - Starting...
[INFO ] 09:39:24.028 com.zaxxer.hikari.pool.HikariPool - HikariPool-1 - Added connection org.mariadb.jdbc.Connection@75e4fe3c
[INFO ] 09:39:24.032 com.zaxxer.hikari.HikariDataSource - HikariPool-1 - Start completed.
[INFO ] 09:39:24.168 o.hibernate.orm.connections.pooling - HHH10001005: Database info:
	Database JDBC URL [Connecting through datasource 'HikariDataSource (HikariPool-1)']
	Database driver: undefined/unknown
	Database version: 11.4.2
	Autocommit mode: undefined/unknown
	Isolation level: undefined/unknown
	Minimum pool size: undefined/unknown
	Maximum pool size: undefined/unknown
[INFO ] 09:39:25.730 o.h.e.t.j.p.i.JtaPlatformInitiator - HHH000489: No JTA platform available (set 'hibernate.transaction.jta.platform' to enable JTA platform integration)
[INFO ] 09:39:25.734 o.s.o.j.LocalContainerEntityManagerFactoryBean - Initialized JPA EntityManagerFactory for persistence unit 'default'
[INFO ] 09:39:26.302 j.j.c.s.c.JCoSapRfcConnection - SAP RFC 서버 초기화 시작
[INFO ] 09:39:26.731 j.j.c.s.c.JCoSapRfcConnection - RFC 핸들러 등록 시작
[INFO ] 09:39:26.732 j.j.c.s.c.JCoSapRfcConnection - 설정된 함수 목록: [SapRfcFunctionProperties(name=ZFI_TAXINV_STATUS_TO_WEB, handler=taxInvoiceStateHandler, tables=null)]
[INFO ] 09:39:26.733 j.j.c.s.c.JCoSapRfcConnection - 핸들러 등록 시도: function=ZFI_TAXINV_STATUS_TO_WEB, handler=taxInvoiceStateHandler
[INFO ] 09:39:26.734 j.j.c.s.c.JCoSapRfcConnection - 핸들러 타입: jco.jcosaprfclink.config.saprfc.connection.handler.TaxInvoiceStateHandler$$SpringCGLIB$$0
[INFO ] 09:39:26.735 j.j.c.s.c.JCoSapRfcConnection - 핸들러 인스턴스 생성 성공: jco.jcosaprfclink.config.saprfc.connection.handler.TaxInvoiceStateHandler$$SpringCGLIB$$0
[INFO ] 09:39:26.736 j.j.c.s.c.JCoSapRfcConnection - 핸들러 맵에 저장 완료: function=ZFI_TAXINV_STATUS_TO_WEB, handler=TaxInvoiceStateHandler$$SpringCGLIB$$0
[INFO ] 09:39:26.738 j.j.c.s.c.JCoSapRfcConnection - 핸들러 등록 완료: function=ZFI_TAXINV_STATUS_TO_WEB, handler=taxInvoiceStateHandler, type=jco.jcosaprfclink.config.saprfc.connection.handler.TaxInvoiceStateHandler$$SpringCGLIB$$0
[INFO ] 09:39:26.739 j.j.c.s.c.JCoSapRfcConnection - 등록된 핸들러 목록:
[INFO ] 09:39:26.740 j.j.c.s.c.JCoSapRfcConnection - - function: ZFI_TAXINV_STATUS_TO_WEB, handler: TaxInvoiceStateHandler$$SpringCGLIB$$0, type: jco.jcosaprfclink.config.saprfc.connection.handler.TaxInvoiceStateHandler$$SpringCGLIB$$0
[INFO ] 09:39:26.757 j.j.c.s.c.JCoSapRfcConnection - SAP RFC 서버가 성공적으로 시작되었습니다. Program ID: QH_SED
[WARN ] 09:39:26.888 o.s.b.a.o.j.JpaBaseConfiguration$JpaWebConfiguration - spring.jpa.open-in-view is enabled by default. Therefore, database queries may be performed during view rendering. Explicitly configure spring.jpa.open-in-view to disable this warning
[INFO ] 09:39:27.771 o.a.coyote.http11.Http11NioProtocol - Starting ProtocolHandler ["http-nio-8080"]
[INFO ] 09:39:27.817 o.s.b.w.e.tomcat.TomcatWebServer - Tomcat started on port 8080 (http) with context path '/'
[INFO ] 09:39:27.836 j.j.JCoSapRfcLinkApplication - Started JCoSapRfcLinkApplication in 10.303 seconds (process running for 14.111)
[INFO ] 09:44:31.518 j.j.c.s.c.handler.RfcLoggingAspect - RFC 요청 시작: function=ZFI_TAXINV_STATUS_TO_WEB, handler=TaxInvoiceStateHandler
[INFO ] 09:44:31.519 j.j.c.s.c.h.TaxInvoiceStateHandler - [TaxInvoiceStateHandler] handleRequest 시작 - function: ZFI_TAXINV_STATUS_TO_WEB
[INFO ] 09:44:31.573 j.j.service.TaxInvoiceStateService - 요청 데이터: [{"USER_ID":"hanssem01","MGR_DOC_NO":"XS0120258200000001","CORP_BIZ_NO":"1338122865"},{"USER_ID":"hanssem01","MGR_DOC_NO":"XS0120258200000002","CORP_BIZ_NO":"1338122865"},{"USER_ID":"hanssem01","MGR_DOC_NO":"XS0120248200003496","CORP_BIZ_NO":"1338122865"},{"USER_ID":"hanssem01","MGR_DOC_NO":"XS0120248200003498","CORP_BIZ_NO":"1338122865"}]
[DEBUG] 09:44:31.646 org.hibernate.SQL - 
    select
        st1_0.mgrdoc_no,
        st1_0.appr_no,
        st1_0.channel,
        st1_0.corp_biz_no,
        st1_0.created_at,
        st1_0.doc_type,
        st1_0.doc_type_nm,
        st1_0.err_code,
        st1_0.err_msg,
        st1_0.result,
        st1_0.send_dd,
        st1_0.updated_at,
        st1_0.user_id 
    from
        s_state_taxinvoice st1_0 
    where
        st1_0.mgrdoc_no=?
[DEBUG] 09:44:31.752 org.hibernate.SQL - 
    select
        st1_0.mgrdoc_no,
        st1_0.appr_no,
        st1_0.channel,
        st1_0.corp_biz_no,
        st1_0.created_at,
        st1_0.doc_type,
        st1_0.doc_type_nm,
        st1_0.err_code,
        st1_0.err_msg,
        st1_0.result,
        st1_0.send_dd,
        st1_0.updated_at,
        st1_0.user_id 
    from
        s_state_taxinvoice st1_0 
    where
        st1_0.mgrdoc_no=?
[DEBUG] 09:44:31.758 org.hibernate.SQL - 
    select
        st1_0.mgrdoc_no,
        st1_0.appr_no,
        st1_0.channel,
        st1_0.corp_biz_no,
        st1_0.created_at,
        st1_0.doc_type,
        st1_0.doc_type_nm,
        st1_0.err_code,
        st1_0.err_msg,
        st1_0.result,
        st1_0.send_dd,
        st1_0.updated_at,
        st1_0.user_id 
    from
        s_state_taxinvoice st1_0 
    where
        st1_0.mgrdoc_no=?
[DEBUG] 09:44:31.764 org.hibernate.SQL - 
    select
        st1_0.mgrdoc_no,
        st1_0.appr_no,
        st1_0.channel,
        st1_0.corp_biz_no,
        st1_0.created_at,
        st1_0.doc_type,
        st1_0.doc_type_nm,
        st1_0.err_code,
        st1_0.err_msg,
        st1_0.result,
        st1_0.send_dd,
        st1_0.updated_at,
        st1_0.user_id 
    from
        s_state_taxinvoice st1_0 
    where
        st1_0.mgrdoc_no=?
[DEBUG] 09:44:31.866 org.hibernate.SQL - 
    insert 
    into
        s_state_taxinvoice
        (appr_no, channel, corp_biz_no, created_at, doc_type, doc_type_nm, err_code, err_msg, result, send_dd, user_id, mgrdoc_no) 
    values
        (?, ?, ?, ?, ?, ?, ?, ?, ?, ?, ?, ?)
[DEBUG] 09:44:31.874 org.hibernate.SQL - 
    insert 
    into
        s_state_taxinvoice
        (appr_no, channel, corp_biz_no, created_at, doc_type, doc_type_nm, err_code, err_msg, result, send_dd, user_id, mgrdoc_no) 
    values
        (?, ?, ?, ?, ?, ?, ?, ?, ?, ?, ?, ?)
[DEBUG] 09:44:31.878 org.hibernate.SQL - 
    insert 
    into
        s_state_taxinvoice
        (appr_no, channel, corp_biz_no, created_at, doc_type, doc_type_nm, err_code, err_msg, result, send_dd, user_id, mgrdoc_no) 
    values
        (?, ?, ?, ?, ?, ?, ?, ?, ?, ?, ?, ?)
[DEBUG] 09:44:31.882 org.hibernate.SQL - 
    insert 
    into
        s_state_taxinvoice
        (appr_no, channel, corp_biz_no, created_at, doc_type, doc_type_nm, err_code, err_msg, result, send_dd, user_id, mgrdoc_no) 
    values
        (?, ?, ?, ?, ?, ?, ?, ?, ?, ?, ?, ?)
[INFO ] 09:44:32.913 jco.jcosaprfclink.utils.HttpUtil - ? 성공: 응답 코드 200
[INFO ] 09:44:32.915 j.j.service.TaxInvoiceStateService - API 응답: [{"channel":"NARINER","corpBizNo":"1458703198","mgrdocNo":"XS0120258200000001","userId":"NARINER_COMP_1458703198","issueDd":"","sendDd":"","apprNo":"","docState":"01","docStateNm":"발행","errCode":"KH_COM_0000","errMsg":"정상","result":"SUCCESS","rtn":null,"err_Code":null,"err_Msg":null},{"channel":"NARINER","corpBizNo":"1458703198","mgrdocNo":"XS0120258200000002","userId":"NARINER_COMP_1458703198","issueDd":"","sendDd":"","apprNo":"","docState":"01","docStateNm":"발행","errCode":"KH_COM_0000","errMsg":"정상","result":"SUCCESS","rtn":null,"err_Code":null,"err_Msg":null},{"channel":"NARINER","corpBizNo":"1458703198","mgrdocNo":"XS0120248200003496","userId":"NARINER_COMP_1458703198","issueDd":"","sendDd":"","apprNo":"","docState":"06","docStateNm":"발행취소","errCode":"KH_COM_0000","errMsg":"정상","result":"SUCCESS","rtn":null,"err_Code":null,"err_Msg":null},{"channel":"NARINER","corpBizNo":"1458703198","mgrdocNo":"XS0120248200003498","userId":"NARINER_COMP_1458703198","issueDd":"20241225070010","sendDd":"","apprNo":"2024122041000021a0000001","docState":"31","docStateNm":"신고완료","errCode":"KH_COM_0000","errMsg":"정상","result":"SUCCESS","rtn":null,"err_Code":null,"err_Msg":null}]
[DEBUG] 09:44:32.921 org.hibernate.SQL - 
    select
        st1_0.mgrdoc_no,
        st1_0.appr_no,
        st1_0.channel,
        st1_0.corp_biz_no,
        st1_0.created_at,
        st1_0.doc_type,
        st1_0.doc_type_nm,
        st1_0.err_code,
        st1_0.err_msg,
        st1_0.result,
        st1_0.send_dd,
        st1_0.updated_at,
        st1_0.user_id 
    from
        s_state_taxinvoice st1_0 
    where
        st1_0.mgrdoc_no=?
[DEBUG] 09:44:32.931 org.hibernate.SQL - 
    select
        st1_0.mgrdoc_no,
        st1_0.appr_no,
        st1_0.channel,
        st1_0.corp_biz_no,
        st1_0.created_at,
        st1_0.doc_type,
        st1_0.doc_type_nm,
        st1_0.err_code,
        st1_0.err_msg,
        st1_0.result,
        st1_0.send_dd,
        st1_0.updated_at,
        st1_0.user_id 
    from
        s_state_taxinvoice st1_0 
    where
        st1_0.mgrdoc_no=?
[DEBUG] 09:44:32.940 org.hibernate.SQL - 
    select
        st1_0.mgrdoc_no,
        st1_0.appr_no,
        st1_0.channel,
        st1_0.corp_biz_no,
        st1_0.created_at,
        st1_0.doc_type,
        st1_0.doc_type_nm,
        st1_0.err_code,
        st1_0.err_msg,
        st1_0.result,
        st1_0.send_dd,
        st1_0.updated_at,
        st1_0.user_id 
    from
        s_state_taxinvoice st1_0 
    where
        st1_0.mgrdoc_no=?
[DEBUG] 09:44:32.949 org.hibernate.SQL - 
    select
        st1_0.mgrdoc_no,
        st1_0.appr_no,
        st1_0.channel,
        st1_0.corp_biz_no,
        st1_0.created_at,
        st1_0.doc_type,
        st1_0.doc_type_nm,
        st1_0.err_code,
        st1_0.err_msg,
        st1_0.result,
        st1_0.send_dd,
        st1_0.updated_at,
        st1_0.user_id 
    from
        s_state_taxinvoice st1_0 
    where
        st1_0.mgrdoc_no=?
[DEBUG] 09:44:32.970 org.hibernate.SQL - 
    update
        s_state_taxinvoice 
    set
        corp_biz_no=?,
        err_code=?,
        err_msg=?,
        result=?,
        user_id=? 
    where
        mgrdoc_no=?
[DEBUG] 09:44:32.978 org.hibernate.SQL - 
    update
        s_state_taxinvoice 
    set
        corp_biz_no=?,
        err_code=?,
        err_msg=?,
        result=?,
        user_id=? 
    where
        mgrdoc_no=?
[DEBUG] 09:44:32.983 org.hibernate.SQL - 
    update
        s_state_taxinvoice 
    set
        corp_biz_no=?,
        err_code=?,
        err_msg=?,
        result=?,
        user_id=? 
    where
        mgrdoc_no=?
[DEBUG] 09:44:32.989 org.hibernate.SQL - 
    update
        s_state_taxinvoice 
    set
        corp_biz_no=?,
        err_code=?,
        err_msg=?,
        result=?,
        user_id=? 
    where
        mgrdoc_no=?
[INFO ] 09:44:33.003 j.j.service.TaxInvoiceStateService - 응답 데이터 처리 완료: |----------|--------------------------------------------------|------------------------------------|--------|--------|------------------------|--------------------|--------------------------------------------------------------------------------------------------------------------------------------------------------------------------------------------------------|----------|--|------------------------------|--------|------|------------|--------|
| TABLE 'ZTAXT020S'
|----------|--------------------------------------------------|------------------------------------|--------|--------|------------------------|--------------------|--------------------------------------------------------------------------------------------------------------------------------------------------------------------------------------------------------|----------|--|------------------------------|--------|------|------------|--------|
|CORP_BIZ_N|USER_ID                                           |MGR_DOC_NO                          |ISSUE_DD|SEND_DD |APPR_NO                 |ERR_CODE            |ERR_MSG                                                                                                                                                                                                 |RESULT    |DO|DOC_STATE_NM                  |SEND_DAT|SEND_T|SEND_USER   |MLDDT_BS|
|----------|--------------------------------------------------|------------------------------------|--------|--------|------------------------|--------------------|--------------------------------------------------------------------------------------------------------------------------------------------------------------------------------------------------------|----------|--|------------------------------|--------|------|------------|--------|
|0123456789|01234567890123456789012345678901234567890123456789|012345678901234567890123456789012345|67890123|45678901|234567890123456789012345|67890123456789012345|67890123456789012345678901234567890123456789012345678901234567890123456789012345678901234567890123456789012345678901234567890123456789012345678901234567890123456789012345678901234567890123456789012345|6789012345|67|890123456789012345678901234567|89012345|678901|234567890123|45678901|
|----------|--------------------------------------------------|------------------------------------|--------|--------|------------------------|--------------------|--------------------------------------------------------------------------------------------------------------------------------------------------------------------------------------------------------|----------|--|------------------------------|--------|------|------------|--------|
|          |                                                  |                                    |        |        |                        |KH_COM_0000         |세금계산서 조회 완료                                                                                                                                                                                             |S         |01|발행                            |        |      |            |00000000|
|          |                                                  |                                    |        |        |                        |KH_COM_0000         |세금계산서 조회 완료                                                                                                                                                                                             |S         |01|발행                            |        |      |            |00000000|
|          |                                                  |                                    |        |        |                        |KH_COM_0000         |세금계산서 조회 완료                                                                                                                                                                                             |S         |06|발행취소                          |        |      |            |00000000|
|          |                                                  |                                    |        |20241225|2024122041000021a0000001|KH_COM_0000         |세금계산서 조회 완료                                                                                                                                                                                             |S         |31|신고완료                          |        |      |            |00000000|
|----------|--------------------------------------------------|------------------------------------|--------|--------|------------------------|--------------------|--------------------------------------------------------------------------------------------------------------------------------------------------------------------------------------------------------|----------|--|------------------------------|--------|------|------------|--------|

[INFO ] 09:44:33.031 j.j.config.aop.TimeTraceAspect - TaxInvoiceStateService.taxinvoiceState(..) - Total time = 1.5025537s
[INFO ] 09:44:33.032 j.j.c.s.c.h.TaxInvoiceStateHandler - [TaxInvoiceStateHandler] handleRequest 정상 완료 - function: ZFI_TAXINV_STATUS_TO_WEB
[INFO ] 09:44:33.033 j.j.c.s.c.handler.RfcLoggingAspect - RFC 요청 완료: function=ZFI_TAXINV_STATUS_TO_WEB
[INFO ] 09:46:59.611 j.j.c.s.c.handler.RfcLoggingAspect - RFC 요청 시작: function=ZFI_TAXINV_STATUS_TO_WEB, handler=TaxInvoiceStateHandler
[INFO ] 09:46:59.612 j.j.c.s.c.h.TaxInvoiceStateHandler - [TaxInvoiceStateHandler] handleRequest 시작 - function: ZFI_TAXINV_STATUS_TO_WEB
[INFO ] 09:46:59.613 j.j.service.TaxInvoiceStateService - 요청 데이터: [{"USER_ID":"hanssem01","MGR_DOC_NO":"XS0120258200000001","CORP_BIZ_NO":"1338122865"},{"USER_ID":"hanssem01","MGR_DOC_NO":"XS0120258200000002","CORP_BIZ_NO":"1338122865"},{"USER_ID":"hanssem01","MGR_DOC_NO":"XS0120248200003496","CORP_BIZ_NO":"1338122865"},{"USER_ID":"hanssem01","MGR_DOC_NO":"XS0120248200003498","CORP_BIZ_NO":"1338122865"}]
[DEBUG] 09:46:59.615 org.hibernate.SQL - 
    select
        st1_0.mgrdoc_no,
        st1_0.appr_no,
        st1_0.channel,
        st1_0.corp_biz_no,
        st1_0.created_at,
        st1_0.doc_type,
        st1_0.doc_type_nm,
        st1_0.err_code,
        st1_0.err_msg,
        st1_0.result,
        st1_0.send_dd,
        st1_0.updated_at,
        st1_0.user_id 
    from
        s_state_taxinvoice st1_0 
    where
        st1_0.mgrdoc_no=?
[DEBUG] 09:46:59.621 org.hibernate.SQL - 
    select
        st1_0.mgrdoc_no,
        st1_0.appr_no,
        st1_0.channel,
        st1_0.corp_biz_no,
        st1_0.created_at,
        st1_0.doc_type,
        st1_0.doc_type_nm,
        st1_0.err_code,
        st1_0.err_msg,
        st1_0.result,
        st1_0.send_dd,
        st1_0.updated_at,
        st1_0.user_id 
    from
        s_state_taxinvoice st1_0 
    where
        st1_0.mgrdoc_no=?
[DEBUG] 09:46:59.628 org.hibernate.SQL - 
    select
        st1_0.mgrdoc_no,
        st1_0.appr_no,
        st1_0.channel,
        st1_0.corp_biz_no,
        st1_0.created_at,
        st1_0.doc_type,
        st1_0.doc_type_nm,
        st1_0.err_code,
        st1_0.err_msg,
        st1_0.result,
        st1_0.send_dd,
        st1_0.updated_at,
        st1_0.user_id 
    from
        s_state_taxinvoice st1_0 
    where
        st1_0.mgrdoc_no=?
[DEBUG] 09:46:59.635 org.hibernate.SQL - 
    select
        st1_0.mgrdoc_no,
        st1_0.appr_no,
        st1_0.channel,
        st1_0.corp_biz_no,
        st1_0.created_at,
        st1_0.doc_type,
        st1_0.doc_type_nm,
        st1_0.err_code,
        st1_0.err_msg,
        st1_0.result,
        st1_0.send_dd,
        st1_0.updated_at,
        st1_0.user_id 
    from
        s_state_taxinvoice st1_0 
    where
        st1_0.mgrdoc_no=?
[DEBUG] 09:46:59.655 org.hibernate.SQL - 
    update
        s_state_taxinvoice 
    set
        corp_biz_no=?,
        err_code=?,
        err_msg=?,
        result=?,
        user_id=? 
    where
        mgrdoc_no=?
[DEBUG] 09:46:59.661 org.hibernate.SQL - 
    update
        s_state_taxinvoice 
    set
        corp_biz_no=?,
        err_code=?,
        err_msg=?,
        result=?,
        user_id=? 
    where
        mgrdoc_no=?
[DEBUG] 09:46:59.667 org.hibernate.SQL - 
    update
        s_state_taxinvoice 
    set
        corp_biz_no=?,
        err_code=?,
        err_msg=?,
        result=?,
        user_id=? 
    where
        mgrdoc_no=?
[DEBUG] 09:46:59.673 org.hibernate.SQL - 
    update
        s_state_taxinvoice 
    set
        corp_biz_no=?,
        err_code=?,
        err_msg=?,
        result=?,
        user_id=? 
    where
        mgrdoc_no=?
[INFO ] 09:47:00.750 jco.jcosaprfclink.utils.HttpUtil - ? 성공: 응답 코드 200
[INFO ] 09:47:00.751 j.j.service.TaxInvoiceStateService - API 응답: [{"channel":"NARINER","corpBizNo":"1458703198","mgrdocNo":"XS0120258200000001","userId":"NARINER_COMP_1458703198","issueDd":"","sendDd":"","apprNo":"","docState":"01","docStateNm":"발행","errCode":"KH_COM_0000","errMsg":"정상","result":"SUCCESS","rtn":null,"err_Code":null,"err_Msg":null},{"channel":"NARINER","corpBizNo":"1458703198","mgrdocNo":"XS0120258200000002","userId":"NARINER_COMP_1458703198","issueDd":"","sendDd":"","apprNo":"","docState":"01","docStateNm":"발행","errCode":"KH_COM_0000","errMsg":"정상","result":"SUCCESS","rtn":null,"err_Code":null,"err_Msg":null},{"channel":"NARINER","corpBizNo":"1458703198","mgrdocNo":"XS0120248200003496","userId":"NARINER_COMP_1458703198","issueDd":"","sendDd":"","apprNo":"","docState":"06","docStateNm":"발행취소","errCode":"KH_COM_0000","errMsg":"정상","result":"SUCCESS","rtn":null,"err_Code":null,"err_Msg":null},{"channel":"NARINER","corpBizNo":"1458703198","mgrdocNo":"XS0120248200003498","userId":"NARINER_COMP_1458703198","issueDd":"20241225070010","sendDd":"","apprNo":"2024122041000021a0000001","docState":"31","docStateNm":"신고완료","errCode":"KH_COM_0000","errMsg":"정상","result":"SUCCESS","rtn":null,"err_Code":null,"err_Msg":null}]
[DEBUG] 09:49:31.650 org.hibernate.SQL - 
    select
        st1_0.mgrdoc_no,
        st1_0.appr_no,
        st1_0.channel,
        st1_0.corp_biz_no,
        st1_0.created_at,
        st1_0.doc_type,
        st1_0.doc_type_nm,
        st1_0.err_code,
        st1_0.err_msg,
        st1_0.result,
        st1_0.send_dd,
        st1_0.updated_at,
        st1_0.user_id 
    from
        s_state_taxinvoice st1_0 
    where
        st1_0.mgrdoc_no=?
[DEBUG] 09:49:31.656 org.hibernate.SQL - 
    select
        st1_0.mgrdoc_no,
        st1_0.appr_no,
        st1_0.channel,
        st1_0.corp_biz_no,
        st1_0.created_at,
        st1_0.doc_type,
        st1_0.doc_type_nm,
        st1_0.err_code,
        st1_0.err_msg,
        st1_0.result,
        st1_0.send_dd,
        st1_0.updated_at,
        st1_0.user_id 
    from
        s_state_taxinvoice st1_0 
    where
        st1_0.mgrdoc_no=?
[DEBUG] 09:49:31.663 org.hibernate.SQL - 
    select
        st1_0.mgrdoc_no,
        st1_0.appr_no,
        st1_0.channel,
        st1_0.corp_biz_no,
        st1_0.created_at,
        st1_0.doc_type,
        st1_0.doc_type_nm,
        st1_0.err_code,
        st1_0.err_msg,
        st1_0.result,
        st1_0.send_dd,
        st1_0.updated_at,
        st1_0.user_id 
    from
        s_state_taxinvoice st1_0 
    where
        st1_0.mgrdoc_no=?
[DEBUG] 09:49:31.669 org.hibernate.SQL - 
    select
        st1_0.mgrdoc_no,
        st1_0.appr_no,
        st1_0.channel,
        st1_0.corp_biz_no,
        st1_0.created_at,
        st1_0.doc_type,
        st1_0.doc_type_nm,
        st1_0.err_code,
        st1_0.err_msg,
        st1_0.result,
        st1_0.send_dd,
        st1_0.updated_at,
        st1_0.user_id 
    from
        s_state_taxinvoice st1_0 
    where
        st1_0.mgrdoc_no=?
[DEBUG] 09:49:31.676 org.hibernate.SQL - 
    update
        s_state_taxinvoice 
    set
        corp_biz_no=?,
        err_code=?,
        err_msg=?,
        result=?,
        user_id=? 
    where
        mgrdoc_no=?
[DEBUG] 09:49:31.681 org.hibernate.SQL - 
    update
        s_state_taxinvoice 
    set
        corp_biz_no=?,
        err_code=?,
        err_msg=?,
        result=?,
        user_id=? 
    where
        mgrdoc_no=?
[DEBUG] 09:49:31.685 org.hibernate.SQL - 
    update
        s_state_taxinvoice 
    set
        corp_biz_no=?,
        err_code=?,
        err_msg=?,
        result=?,
        user_id=? 
    where
        mgrdoc_no=?
[DEBUG] 09:49:31.690 org.hibernate.SQL - 
    update
        s_state_taxinvoice 
    set
        corp_biz_no=?,
        err_code=?,
        err_msg=?,
        result=?,
        user_id=? 
    where
        mgrdoc_no=?
[INFO ] 09:49:31.698 j.j.service.TaxInvoiceStateService - 응답 데이터 처리 완료: |----------|--------------------------------------------------|------------------------------------|--------|--------|------------------------|--------------------|--------------------------------------------------------------------------------------------------------------------------------------------------------------------------------------------------------|----------|--|------------------------------|--------|------|------------|--------|
| TABLE 'ZTAXT020S'
|----------|--------------------------------------------------|------------------------------------|--------|--------|------------------------|--------------------|--------------------------------------------------------------------------------------------------------------------------------------------------------------------------------------------------------|----------|--|------------------------------|--------|------|------------|--------|
|CORP_BIZ_N|USER_ID                                           |MGR_DOC_NO                          |ISSUE_DD|SEND_DD |APPR_NO                 |ERR_CODE            |ERR_MSG                                                                                                                                                                                                 |RESULT    |DO|DOC_STATE_NM                  |SEND_DAT|SEND_T|SEND_USER   |MLDDT_BS|
|----------|--------------------------------------------------|------------------------------------|--------|--------|------------------------|--------------------|--------------------------------------------------------------------------------------------------------------------------------------------------------------------------------------------------------|----------|--|------------------------------|--------|------|------------|--------|
|0123456789|01234567890123456789012345678901234567890123456789|012345678901234567890123456789012345|67890123|45678901|234567890123456789012345|67890123456789012345|67890123456789012345678901234567890123456789012345678901234567890123456789012345678901234567890123456789012345678901234567890123456789012345678901234567890123456789012345678901234567890123456789012345|6789012345|67|890123456789012345678901234567|89012345|678901|234567890123|45678901|
|----------|--------------------------------------------------|------------------------------------|--------|--------|------------------------|--------------------|--------------------------------------------------------------------------------------------------------------------------------------------------------------------------------------------------------|----------|--|------------------------------|--------|------|------------|--------|
|          |                                                  |                                    |        |        |                        |KH_COM_0000         |세금계산서 조회 완료                                                                                                                                                                                             |S         |01|발행                            |        |      |            |00000000|
|          |                                                  |                                    |        |        |                        |KH_COM_0000         |세금계산서 조회 완료                                                                                                                                                                                             |S         |01|발행                            |        |      |            |00000000|
|          |                                                  |                                    |        |        |                        |KH_COM_0000         |세금계산서 조회 완료                                                                                                                                                                                             |S         |06|발행취소                          |        |      |            |00000000|
|          |                                                  |                                    |        |20241225|2024122041000021a0000001|KH_COM_0000         |세금계산서 조회 완료                                                                                                                                                                                             |S         |31|신고완료                          |        |      |            |00000000|
|----------|--------------------------------------------------|------------------------------------|--------|--------|------------------------|--------------------|--------------------------------------------------------------------------------------------------------------------------------------------------------------------------------------------------------|----------|--|------------------------------|--------|------|------------|--------|

[INFO ] 09:49:31.705 j.j.config.aop.TimeTraceAspect - TaxInvoiceStateService.taxinvoiceState(..) - Total time = 152.0922706s
[INFO ] 09:49:31.705 j.j.c.s.c.h.TaxInvoiceStateHandler - [TaxInvoiceStateHandler] handleRequest 정상 완료 - function: ZFI_TAXINV_STATUS_TO_WEB
[INFO ] 09:49:31.706 j.j.c.s.c.handler.RfcLoggingAspect - RFC 요청 완료: function=ZFI_TAXINV_STATUS_TO_WEB
