[ERROR] 09:15:55.321 j.j.c.s.c.JCoSapRfcConnection - Ìï∏Îì§Îü¨ Îì±Î°ù Ïã§Ìå®: function=ZFI_TAXINV_STATUS_TO_WEB, handler=taxInvoiceStateRfcHandpler, error=No bean named 'taxInvoiceStateRfcHandpler' available
org.springframework.beans.factory.NoSuchBeanDefinitionException: No bean named 'taxInvoiceStateRfcHandpler' available
	at org.springframework.beans.factory.support.DefaultListableBeanFactory.getBeanDefinition(DefaultListableBeanFactory.java:977)
	at org.springframework.beans.factory.support.AbstractBeanFactory.getMergedLocalBeanDefinition(AbstractBeanFactory.java:1382)
	at org.springframework.beans.factory.support.AbstractBeanFactory.doGetBean(AbstractBeanFactory.java:302)
	at org.springframework.beans.factory.support.AbstractBeanFactory.getBean(AbstractBeanFactory.java:207)
	at org.springframework.context.support.AbstractApplicationContext.getBean(AbstractApplicationContext.java:1278)
	at jco.jcosaprfclink.config.saprfc.connection.JCoSapRfcConnection.registerHandlers(JCoSapRfcConnection.java:113)
	at jco.jcosaprfclink.config.saprfc.connection.JCoSapRfcConnection.initialize(JCoSapRfcConnection.java:86)
	at java.base/jdk.internal.reflect.NativeMethodAccessorImpl.invoke0(Native Method)
	at java.base/jdk.internal.reflect.NativeMethodAccessorImpl.invoke(NativeMethodAccessorImpl.java:77)
	at java.base/jdk.internal.reflect.DelegatingMethodAccessorImpl.invoke(DelegatingMethodAccessorImpl.java:43)
	at java.base/java.lang.reflect.Method.invoke(Method.java:568)
	at org.springframework.beans.factory.annotation.InitDestroyAnnotationBeanPostProcessor$LifecycleMethod.invoke(InitDestroyAnnotationBeanPostProcessor.java:457)
	at org.springframework.beans.factory.annotation.InitDestroyAnnotationBeanPostProcessor$LifecycleMetadata.invokeInitMethods(InitDestroyAnnotationBeanPostProcessor.java:401)
	at org.springframework.beans.factory.annotation.InitDestroyAnnotationBeanPostProcessor.postProcessBeforeInitialization(InitDestroyAnnotationBeanPostProcessor.java:219)
	at org.springframework.beans.factory.support.AbstractAutowireCapableBeanFactory.applyBeanPostProcessorsBeforeInitialization(AbstractAutowireCapableBeanFactory.java:429)
	at org.springframework.beans.factory.support.AbstractAutowireCapableBeanFactory.initializeBean(AbstractAutowireCapableBeanFactory.java:1810)
	at org.springframework.beans.factory.support.AbstractAutowireCapableBeanFactory.doCreateBean(AbstractAutowireCapableBeanFactory.java:607)
	at org.springframework.beans.factory.support.AbstractAutowireCapableBeanFactory.createBean(AbstractAutowireCapableBeanFactory.java:529)
	at org.springframework.beans.factory.support.AbstractBeanFactory.lambda$doGetBean$0(AbstractBeanFactory.java:339)
	at org.springframework.beans.factory.support.DefaultSingletonBeanRegistry.getSingleton(DefaultSingletonBeanRegistry.java:371)
	at org.springframework.beans.factory.support.AbstractBeanFactory.doGetBean(AbstractBeanFactory.java:337)
	at org.springframework.beans.factory.support.AbstractBeanFactory.getBean(AbstractBeanFactory.java:202)
	at org.springframework.beans.factory.support.DefaultListableBeanFactory.instantiateSingleton(DefaultListableBeanFactory.java:1221)
	at org.springframework.beans.factory.support.DefaultListableBeanFactory.preInstantiateSingleton(DefaultListableBeanFactory.java:1187)
	at org.springframework.beans.factory.support.DefaultListableBeanFactory.preInstantiateSingletons(DefaultListableBeanFactory.java:1122)
	at org.springframework.context.support.AbstractApplicationContext.finishBeanFactoryInitialization(AbstractApplicationContext.java:987)
	at org.springframework.context.support.AbstractApplicationContext.refresh(AbstractApplicationContext.java:627)
	at org.springframework.boot.web.servlet.context.ServletWebServerApplicationContext.refresh(ServletWebServerApplicationContext.java:146)
	at org.springframework.boot.SpringApplication.refresh(SpringApplication.java:753)
	at org.springframework.boot.SpringApplication.refreshContext(SpringApplication.java:439)
	at org.springframework.boot.SpringApplication.run(SpringApplication.java:318)
	at org.springframework.boot.SpringApplication.run(SpringApplication.java:1362)
	at org.springframework.boot.SpringApplication.run(SpringApplication.java:1351)
	at jco.jcosaprfclink.JCoSapRfcLinkApplication.main(JCoSapRfcLinkApplication.java:10)
[ERROR] 10:03:44.563 j.j.c.s.c.JCoSapRfcConnection - Ìï∏Îì§Îü¨ Îì±Î°ù Ïã§Ìå®: function=ZFI_TAXINV_STATUS_TO_WEB, handler=taxInvoiceStateRfcHandpler, error=No bean named 'taxInvoiceStateRfcHandpler' available
org.springframework.beans.factory.NoSuchBeanDefinitionException: No bean named 'taxInvoiceStateRfcHandpler' available
	at org.springframework.beans.factory.support.DefaultListableBeanFactory.getBeanDefinition(DefaultListableBeanFactory.java:977)
	at org.springframework.beans.factory.support.AbstractBeanFactory.getMergedLocalBeanDefinition(AbstractBeanFactory.java:1382)
	at org.springframework.beans.factory.support.AbstractBeanFactory.doGetBean(AbstractBeanFactory.java:302)
	at org.springframework.beans.factory.support.AbstractBeanFactory.getBean(AbstractBeanFactory.java:207)
	at org.springframework.context.support.AbstractApplicationContext.getBean(AbstractApplicationContext.java:1278)
	at jco.jcosaprfclink.config.saprfc.connection.JCoSapRfcConnection.registerHandlers(JCoSapRfcConnection.java:113)
	at jco.jcosaprfclink.config.saprfc.connection.JCoSapRfcConnection.initialize(JCoSapRfcConnection.java:86)
	at java.base/jdk.internal.reflect.NativeMethodAccessorImpl.invoke0(Native Method)
	at java.base/jdk.internal.reflect.NativeMethodAccessorImpl.invoke(NativeMethodAccessorImpl.java:77)
	at java.base/jdk.internal.reflect.DelegatingMethodAccessorImpl.invoke(DelegatingMethodAccessorImpl.java:43)
	at java.base/java.lang.reflect.Method.invoke(Method.java:568)
	at org.springframework.beans.factory.annotation.InitDestroyAnnotationBeanPostProcessor$LifecycleMethod.invoke(InitDestroyAnnotationBeanPostProcessor.java:457)
	at org.springframework.beans.factory.annotation.InitDestroyAnnotationBeanPostProcessor$LifecycleMetadata.invokeInitMethods(InitDestroyAnnotationBeanPostProcessor.java:401)
	at org.springframework.beans.factory.annotation.InitDestroyAnnotationBeanPostProcessor.postProcessBeforeInitialization(InitDestroyAnnotationBeanPostProcessor.java:219)
	at org.springframework.beans.factory.support.AbstractAutowireCapableBeanFactory.applyBeanPostProcessorsBeforeInitialization(AbstractAutowireCapableBeanFactory.java:429)
	at org.springframework.beans.factory.support.AbstractAutowireCapableBeanFactory.initializeBean(AbstractAutowireCapableBeanFactory.java:1810)
	at org.springframework.beans.factory.support.AbstractAutowireCapableBeanFactory.doCreateBean(AbstractAutowireCapableBeanFactory.java:607)
	at org.springframework.beans.factory.support.AbstractAutowireCapableBeanFactory.createBean(AbstractAutowireCapableBeanFactory.java:529)
	at org.springframework.beans.factory.support.AbstractBeanFactory.lambda$doGetBean$0(AbstractBeanFactory.java:339)
	at org.springframework.beans.factory.support.DefaultSingletonBeanRegistry.getSingleton(DefaultSingletonBeanRegistry.java:371)
	at org.springframework.beans.factory.support.AbstractBeanFactory.doGetBean(AbstractBeanFactory.java:337)
	at org.springframework.beans.factory.support.AbstractBeanFactory.getBean(AbstractBeanFactory.java:202)
	at org.springframework.beans.factory.support.DefaultListableBeanFactory.instantiateSingleton(DefaultListableBeanFactory.java:1221)
	at org.springframework.beans.factory.support.DefaultListableBeanFactory.preInstantiateSingleton(DefaultListableBeanFactory.java:1187)
	at org.springframework.beans.factory.support.DefaultListableBeanFactory.preInstantiateSingletons(DefaultListableBeanFactory.java:1122)
	at org.springframework.context.support.AbstractApplicationContext.finishBeanFactoryInitialization(AbstractApplicationContext.java:987)
	at org.springframework.context.support.AbstractApplicationContext.refresh(AbstractApplicationContext.java:627)
	at org.springframework.boot.web.servlet.context.ServletWebServerApplicationContext.refresh(ServletWebServerApplicationContext.java:146)
	at org.springframework.boot.SpringApplication.refresh(SpringApplication.java:753)
	at org.springframework.boot.SpringApplication.refreshContext(SpringApplication.java:439)
	at org.springframework.boot.SpringApplication.run(SpringApplication.java:318)
	at org.springframework.boot.SpringApplication.run(SpringApplication.java:1362)
	at org.springframework.boot.SpringApplication.run(SpringApplication.java:1351)
	at jco.jcosaprfclink.JCoSapRfcLinkApplication.main(JCoSapRfcLinkApplication.java:10)
[ERROR] 10:21:27.975 j.j.c.s.c.JCoSapRfcConnection - «⁄µÈ∑Ø µÓ∑œ Ω«∆–: function=ZFI_TAXINV_STATUS_TO_WEB, handler=taxInvoiceStateRfcHandpler, error=No bean named 'taxInvoiceStateRfcHandpler' available
org.springframework.beans.factory.NoSuchBeanDefinitionException: No bean named 'taxInvoiceStateRfcHandpler' available
	at org.springframework.beans.factory.support.DefaultListableBeanFactory.getBeanDefinition(DefaultListableBeanFactory.java:977)
	at org.springframework.beans.factory.support.AbstractBeanFactory.getMergedLocalBeanDefinition(AbstractBeanFactory.java:1382)
	at org.springframework.beans.factory.support.AbstractBeanFactory.doGetBean(AbstractBeanFactory.java:302)
	at org.springframework.beans.factory.support.AbstractBeanFactory.getBean(AbstractBeanFactory.java:207)
	at org.springframework.context.support.AbstractApplicationContext.getBean(AbstractApplicationContext.java:1278)
	at jco.jcosaprfclink.config.saprfc.connection.JCoSapRfcConnection.registerHandlers(JCoSapRfcConnection.java:113)
	at jco.jcosaprfclink.config.saprfc.connection.JCoSapRfcConnection.initialize(JCoSapRfcConnection.java:86)
	at java.base/jdk.internal.reflect.NativeMethodAccessorImpl.invoke0(Native Method)
	at java.base/jdk.internal.reflect.NativeMethodAccessorImpl.invoke(NativeMethodAccessorImpl.java:77)
	at java.base/jdk.internal.reflect.DelegatingMethodAccessorImpl.invoke(DelegatingMethodAccessorImpl.java:43)
	at java.base/java.lang.reflect.Method.invoke(Method.java:568)
	at org.springframework.beans.factory.annotation.InitDestroyAnnotationBeanPostProcessor$LifecycleMethod.invoke(InitDestroyAnnotationBeanPostProcessor.java:457)
	at org.springframework.beans.factory.annotation.InitDestroyAnnotationBeanPostProcessor$LifecycleMetadata.invokeInitMethods(InitDestroyAnnotationBeanPostProcessor.java:401)
	at org.springframework.beans.factory.annotation.InitDestroyAnnotationBeanPostProcessor.postProcessBeforeInitialization(InitDestroyAnnotationBeanPostProcessor.java:219)
	at org.springframework.beans.factory.support.AbstractAutowireCapableBeanFactory.applyBeanPostProcessorsBeforeInitialization(AbstractAutowireCapableBeanFactory.java:429)
	at org.springframework.beans.factory.support.AbstractAutowireCapableBeanFactory.initializeBean(AbstractAutowireCapableBeanFactory.java:1810)
	at org.springframework.beans.factory.support.AbstractAutowireCapableBeanFactory.doCreateBean(AbstractAutowireCapableBeanFactory.java:607)
	at org.springframework.beans.factory.support.AbstractAutowireCapableBeanFactory.createBean(AbstractAutowireCapableBeanFactory.java:529)
	at org.springframework.beans.factory.support.AbstractBeanFactory.lambda$doGetBean$0(AbstractBeanFactory.java:339)
	at org.springframework.beans.factory.support.DefaultSingletonBeanRegistry.getSingleton(DefaultSingletonBeanRegistry.java:371)
	at org.springframework.beans.factory.support.AbstractBeanFactory.doGetBean(AbstractBeanFactory.java:337)
	at org.springframework.beans.factory.support.AbstractBeanFactory.getBean(AbstractBeanFactory.java:202)
	at org.springframework.beans.factory.support.DefaultListableBeanFactory.instantiateSingleton(DefaultListableBeanFactory.java:1221)
	at org.springframework.beans.factory.support.DefaultListableBeanFactory.preInstantiateSingleton(DefaultListableBeanFactory.java:1187)
	at org.springframework.beans.factory.support.DefaultListableBeanFactory.preInstantiateSingletons(DefaultListableBeanFactory.java:1122)
	at org.springframework.context.support.AbstractApplicationContext.finishBeanFactoryInitialization(AbstractApplicationContext.java:987)
	at org.springframework.context.support.AbstractApplicationContext.refresh(AbstractApplicationContext.java:627)
	at org.springframework.boot.web.servlet.context.ServletWebServerApplicationContext.refresh(ServletWebServerApplicationContext.java:146)
	at org.springframework.boot.SpringApplication.refresh(SpringApplication.java:753)
	at org.springframework.boot.SpringApplication.refreshContext(SpringApplication.java:439)
	at org.springframework.boot.SpringApplication.run(SpringApplication.java:318)
	at org.springframework.boot.SpringApplication.run(SpringApplication.java:1362)
	at org.springframework.boot.SpringApplication.run(SpringApplication.java:1351)
	at jco.jcosaprfclink.JCoSapRfcLinkApplication.main(JCoSapRfcLinkApplication.java:10)
[ERROR] 14:43:26.538 o.s.boot.SpringApplication - Application run failed
org.springframework.beans.factory.BeanCreationException: Error creating bean with name 'JCoSapRfcConnection': Invocation of init method failed
	at org.springframework.beans.factory.annotation.InitDestroyAnnotationBeanPostProcessor.postProcessBeforeInitialization(InitDestroyAnnotationBeanPostProcessor.java:222)
	at org.springframework.beans.factory.support.AbstractAutowireCapableBeanFactory.applyBeanPostProcessorsBeforeInitialization(AbstractAutowireCapableBeanFactory.java:429)
	at org.springframework.beans.factory.support.AbstractAutowireCapableBeanFactory.initializeBean(AbstractAutowireCapableBeanFactory.java:1810)
	at org.springframework.beans.factory.support.AbstractAutowireCapableBeanFactory.doCreateBean(AbstractAutowireCapableBeanFactory.java:607)
	at org.springframework.beans.factory.support.AbstractAutowireCapableBeanFactory.createBean(AbstractAutowireCapableBeanFactory.java:529)
	at org.springframework.beans.factory.support.AbstractBeanFactory.lambda$doGetBean$0(AbstractBeanFactory.java:339)
	at org.springframework.beans.factory.support.DefaultSingletonBeanRegistry.getSingleton(DefaultSingletonBeanRegistry.java:371)
	at org.springframework.beans.factory.support.AbstractBeanFactory.doGetBean(AbstractBeanFactory.java:337)
	at org.springframework.beans.factory.support.AbstractBeanFactory.getBean(AbstractBeanFactory.java:202)
	at org.springframework.beans.factory.support.DefaultListableBeanFactory.instantiateSingleton(DefaultListableBeanFactory.java:1221)
	at org.springframework.beans.factory.support.DefaultListableBeanFactory.preInstantiateSingleton(DefaultListableBeanFactory.java:1187)
	at org.springframework.beans.factory.support.DefaultListableBeanFactory.preInstantiateSingletons(DefaultListableBeanFactory.java:1122)
	at org.springframework.context.support.AbstractApplicationContext.finishBeanFactoryInitialization(AbstractApplicationContext.java:987)
	at org.springframework.context.support.AbstractApplicationContext.refresh(AbstractApplicationContext.java:627)
	at org.springframework.boot.web.servlet.context.ServletWebServerApplicationContext.refresh(ServletWebServerApplicationContext.java:146)
	at org.springframework.boot.SpringApplication.refresh(SpringApplication.java:753)
	at org.springframework.boot.SpringApplication.refreshContext(SpringApplication.java:439)
	at org.springframework.boot.SpringApplication.run(SpringApplication.java:318)
	at org.springframework.boot.SpringApplication.run(SpringApplication.java:1362)
	at org.springframework.boot.SpringApplication.run(SpringApplication.java:1351)
	at jco.jcosaprfclink.JCoSapRfcLinkApplication.main(JCoSapRfcLinkApplication.java:10)
Caused by: java.lang.Error: Unresolved compilation problems: 
	TaxInvoiceStateHandler cannot be resolved to a type
	The method getBean(String) in the type BeanFactory is not applicable for the arguments (Class<TaxInvoiceStateHandler>)
	TaxInvoiceStateHandler cannot be resolved to a type

	at jco.jcosaprfclink.config.saprfc.connection.JCoSapRfcConnection.initialize(JCoSapRfcConnection.java:86)
	at java.base/jdk.internal.reflect.NativeMethodAccessorImpl.invoke0(Native Method)
	at java.base/jdk.internal.reflect.NativeMethodAccessorImpl.invoke(NativeMethodAccessorImpl.java:77)
	at java.base/jdk.internal.reflect.DelegatingMethodAccessorImpl.invoke(DelegatingMethodAccessorImpl.java:43)
	at java.base/java.lang.reflect.Method.invoke(Method.java:568)
	at org.springframework.beans.factory.annotation.InitDestroyAnnotationBeanPostProcessor$LifecycleMethod.invoke(InitDestroyAnnotationBeanPostProcessor.java:457)
	at org.springframework.beans.factory.annotation.InitDestroyAnnotationBeanPostProcessor$LifecycleMetadata.invokeInitMethods(InitDestroyAnnotationBeanPostProcessor.java:401)
	at org.springframework.beans.factory.annotation.InitDestroyAnnotationBeanPostProcessor.postProcessBeforeInitialization(InitDestroyAnnotationBeanPostProcessor.java:219)
	... 20 common frames omitted
[ERROR] 14:47:16.437 o.s.b.d.LoggingFailureAnalysisReporter - 

***************************
APPLICATION FAILED TO START
***************************

Description:

Web server failed to start. Port 8080 was already in use.

Action:

Identify and stop the process that's listening on port 8080 or configure this application to listen on another port.

[ERROR] 14:47:55.013 o.s.b.d.LoggingFailureAnalysisReporter - 

***************************
APPLICATION FAILED TO START
***************************

Description:

Web server failed to start. Port 8080 was already in use.

Action:

Identify and stop the process that's listening on port 8080 or configure this application to listen on another port.

[ERROR] 16:07:22.971 jco.jcosaprfclink.utils.HttpUtil - HTTP ø‰√ª √÷¡æ Ω«∆–: Connection refused: no further information
[ERROR] 16:07:23.098 j.j.service.TaxInvoiceStateService - ºº±›∞ËªÍº≠ ªÛ≈¬ ¡∂»∏ ¡ﬂ ø¿∑˘ πﬂª˝: class org.json.simple.JSONObject cannot be cast to class org.json.simple.JSONArray (org.json.simple.JSONObject and org.json.simple.JSONArray are in unnamed module of loader 'app')
java.lang.ClassCastException: class org.json.simple.JSONObject cannot be cast to class org.json.simple.JSONArray (org.json.simple.JSONObject and org.json.simple.JSONArray are in unnamed module of loader 'app')
	at jco.jcosaprfclink.utils.JsonPaserUtil.getJsonArrayFromString(JsonPaserUtil.java:84)
	at jco.jcosaprfclink.service.TaxInvoiceStateService.processResponseAndMapToSap(TaxInvoiceStateService.java:91)
	at jco.jcosaprfclink.service.TaxInvoiceStateService.taxinvoiceState(TaxInvoiceStateService.java:50)
	at java.base/jdk.internal.reflect.NativeMethodAccessorImpl.invoke0(Native Method)
	at java.base/jdk.internal.reflect.NativeMethodAccessorImpl.invoke(NativeMethodAccessorImpl.java:77)
	at java.base/jdk.internal.reflect.DelegatingMethodAccessorImpl.invoke(DelegatingMethodAccessorImpl.java:43)
	at java.base/java.lang.reflect.Method.invoke(Method.java:568)
	at org.springframework.aop.support.AopUtils.invokeJoinpointUsingReflection(AopUtils.java:359)
	at org.springframework.aop.framework.ReflectiveMethodInvocation.invokeJoinpoint(ReflectiveMethodInvocation.java:196)
	at org.springframework.aop.framework.ReflectiveMethodInvocation.proceed(ReflectiveMethodInvocation.java:163)
	at org.springframework.aop.aspectj.MethodInvocationProceedingJoinPoint.proceed(MethodInvocationProceedingJoinPoint.java:89)
	at jco.jcosaprfclink.config.aop.TimeTraceAspect.traceTime(TimeTraceAspect.java:27)
	at java.base/jdk.internal.reflect.NativeMethodAccessorImpl.invoke0(Native Method)
	at java.base/jdk.internal.reflect.NativeMethodAccessorImpl.invoke(NativeMethodAccessorImpl.java:77)
	at java.base/jdk.internal.reflect.DelegatingMethodAccessorImpl.invoke(DelegatingMethodAccessorImpl.java:43)
	at java.base/java.lang.reflect.Method.invoke(Method.java:568)
	at org.springframework.aop.aspectj.AbstractAspectJAdvice.invokeAdviceMethodWithGivenArgs(AbstractAspectJAdvice.java:642)
	at org.springframework.aop.aspectj.AbstractAspectJAdvice.invokeAdviceMethod(AbstractAspectJAdvice.java:632)
	at org.springframework.aop.aspectj.AspectJAroundAdvice.invoke(AspectJAroundAdvice.java:71)
	at org.springframework.aop.framework.ReflectiveMethodInvocation.proceed(ReflectiveMethodInvocation.java:173)
	at org.springframework.aop.interceptor.ExposeInvocationInterceptor.invoke(ExposeInvocationInterceptor.java:97)
	at org.springframework.aop.framework.ReflectiveMethodInvocation.proceed(ReflectiveMethodInvocation.java:184)
	at org.springframework.aop.framework.CglibAopProxy$DynamicAdvisedInterceptor.intercept(CglibAopProxy.java:728)
	at jco.jcosaprfclink.service.TaxInvoiceStateService$$SpringCGLIB$$0.taxinvoiceState(<generated>)
	at jco.jcosaprfclink.config.saprfc.connection.handler.TaxInvoiceStateHandler.handleRequest(TaxInvoiceStateHandler.java:49)
	at java.base/jdk.internal.reflect.NativeMethodAccessorImpl.invoke0(Native Method)
	at java.base/jdk.internal.reflect.NativeMethodAccessorImpl.invoke(NativeMethodAccessorImpl.java:77)
	at java.base/jdk.internal.reflect.DelegatingMethodAccessorImpl.invoke(DelegatingMethodAccessorImpl.java:43)
	at java.base/java.lang.reflect.Method.invoke(Method.java:568)
	at org.springframework.aop.support.AopUtils.invokeJoinpointUsingReflection(AopUtils.java:359)
	at org.springframework.aop.framework.ReflectiveMethodInvocation.invokeJoinpoint(ReflectiveMethodInvocation.java:196)
	at org.springframework.aop.framework.ReflectiveMethodInvocation.proceed(ReflectiveMethodInvocation.java:163)
	at org.springframework.aop.aspectj.MethodInvocationProceedingJoinPoint.proceed(MethodInvocationProceedingJoinPoint.java:89)
	at jco.jcosaprfclink.config.saprfc.connection.handler.RfcLoggingAspect.logRfcExecution(RfcLoggingAspect.java:21)
	at java.base/jdk.internal.reflect.NativeMethodAccessorImpl.invoke0(Native Method)
	at java.base/jdk.internal.reflect.NativeMethodAccessorImpl.invoke(NativeMethodAccessorImpl.java:77)
	at java.base/jdk.internal.reflect.DelegatingMethodAccessorImpl.invoke(DelegatingMethodAccessorImpl.java:43)
	at java.base/java.lang.reflect.Method.invoke(Method.java:568)
	at org.springframework.aop.aspectj.AbstractAspectJAdvice.invokeAdviceMethodWithGivenArgs(AbstractAspectJAdvice.java:642)
	at org.springframework.aop.aspectj.AbstractAspectJAdvice.invokeAdviceMethod(AbstractAspectJAdvice.java:632)
	at org.springframework.aop.aspectj.AspectJAroundAdvice.invoke(AspectJAroundAdvice.java:71)
	at org.springframework.aop.framework.ReflectiveMethodInvocation.proceed(ReflectiveMethodInvocation.java:184)
	at org.springframework.aop.interceptor.ExposeInvocationInterceptor.invoke(ExposeInvocationInterceptor.java:97)
	at org.springframework.aop.framework.ReflectiveMethodInvocation.proceed(ReflectiveMethodInvocation.java:184)
	at org.springframework.aop.framework.CglibAopProxy$DynamicAdvisedInterceptor.intercept(CglibAopProxy.java:728)
	at jco.jcosaprfclink.config.saprfc.connection.handler.TaxInvoiceStateHandler$$SpringCGLIB$$0.handleRequest(<generated>)
	at com.sap.conn.jco.rt.DefaultServerWorker$FunctionDispatcher.handleRequest(DefaultServerWorker.java:1041)
	at com.sap.conn.jco.rt.DefaultServerWorker$FunctionDispatcher.handleRequest(DefaultServerWorker.java:977)
	at com.sap.conn.jco.rt.DefaultServerWorker.dispatchRequest(DefaultServerWorker.java:148)
	at com.sap.conn.jco.rt.MiddlewareJavaRfc$JavaRfcServer.dispatchRequest(MiddlewareJavaRfc.java:3685)
	at com.sap.conn.jco.rt.MiddlewareJavaRfc$JavaRfcServer.listen(MiddlewareJavaRfc.java:2729)
	at com.sap.conn.jco.rt.DefaultServerWorker.dispatch(DefaultServerWorker.java:275)
	at com.sap.conn.jco.rt.DefaultServerWorker.loop(DefaultServerWorker.java:356)
	at com.sap.conn.jco.rt.DefaultServerWorker.run(DefaultServerWorker.java:232)
	at java.base/java.lang.Thread.run(Thread.java:833)
[ERROR] 16:07:23.151 j.j.c.s.c.h.TaxInvoiceStateHandler - [TaxInvoiceStateHandler] handleRequest øπø‹ πﬂª˝ - function: ZFI_TAXINV_STATUS_TO_WEB
java.lang.RuntimeException: ºº±›∞ËªÍº≠ ªÛ≈¬ ¡∂»∏ Ω«∆–
	at jco.jcosaprfclink.service.TaxInvoiceStateService.taxinvoiceState(TaxInvoiceStateService.java:55)
	at java.base/jdk.internal.reflect.NativeMethodAccessorImpl.invoke0(Native Method)
	at java.base/jdk.internal.reflect.NativeMethodAccessorImpl.invoke(NativeMethodAccessorImpl.java:77)
	at java.base/jdk.internal.reflect.DelegatingMethodAccessorImpl.invoke(DelegatingMethodAccessorImpl.java:43)
	at java.base/java.lang.reflect.Method.invoke(Method.java:568)
	at org.springframework.aop.support.AopUtils.invokeJoinpointUsingReflection(AopUtils.java:359)
	at org.springframework.aop.framework.ReflectiveMethodInvocation.invokeJoinpoint(ReflectiveMethodInvocation.java:196)
	at org.springframework.aop.framework.ReflectiveMethodInvocation.proceed(ReflectiveMethodInvocation.java:163)
	at org.springframework.aop.aspectj.MethodInvocationProceedingJoinPoint.proceed(MethodInvocationProceedingJoinPoint.java:89)
	at jco.jcosaprfclink.config.aop.TimeTraceAspect.traceTime(TimeTraceAspect.java:27)
	at java.base/jdk.internal.reflect.NativeMethodAccessorImpl.invoke0(Native Method)
	at java.base/jdk.internal.reflect.NativeMethodAccessorImpl.invoke(NativeMethodAccessorImpl.java:77)
	at java.base/jdk.internal.reflect.DelegatingMethodAccessorImpl.invoke(DelegatingMethodAccessorImpl.java:43)
	at java.base/java.lang.reflect.Method.invoke(Method.java:568)
	at org.springframework.aop.aspectj.AbstractAspectJAdvice.invokeAdviceMethodWithGivenArgs(AbstractAspectJAdvice.java:642)
	at org.springframework.aop.aspectj.AbstractAspectJAdvice.invokeAdviceMethod(AbstractAspectJAdvice.java:632)
	at org.springframework.aop.aspectj.AspectJAroundAdvice.invoke(AspectJAroundAdvice.java:71)
	at org.springframework.aop.framework.ReflectiveMethodInvocation.proceed(ReflectiveMethodInvocation.java:173)
	at org.springframework.aop.interceptor.ExposeInvocationInterceptor.invoke(ExposeInvocationInterceptor.java:97)
	at org.springframework.aop.framework.ReflectiveMethodInvocation.proceed(ReflectiveMethodInvocation.java:184)
	at org.springframework.aop.framework.CglibAopProxy$DynamicAdvisedInterceptor.intercept(CglibAopProxy.java:728)
	at jco.jcosaprfclink.service.TaxInvoiceStateService$$SpringCGLIB$$0.taxinvoiceState(<generated>)
	at jco.jcosaprfclink.config.saprfc.connection.handler.TaxInvoiceStateHandler.handleRequest(TaxInvoiceStateHandler.java:49)
	at java.base/jdk.internal.reflect.NativeMethodAccessorImpl.invoke0(Native Method)
	at java.base/jdk.internal.reflect.NativeMethodAccessorImpl.invoke(NativeMethodAccessorImpl.java:77)
	at java.base/jdk.internal.reflect.DelegatingMethodAccessorImpl.invoke(DelegatingMethodAccessorImpl.java:43)
	at java.base/java.lang.reflect.Method.invoke(Method.java:568)
	at org.springframework.aop.support.AopUtils.invokeJoinpointUsingReflection(AopUtils.java:359)
	at org.springframework.aop.framework.ReflectiveMethodInvocation.invokeJoinpoint(ReflectiveMethodInvocation.java:196)
	at org.springframework.aop.framework.ReflectiveMethodInvocation.proceed(ReflectiveMethodInvocation.java:163)
	at org.springframework.aop.aspectj.MethodInvocationProceedingJoinPoint.proceed(MethodInvocationProceedingJoinPoint.java:89)
	at jco.jcosaprfclink.config.saprfc.connection.handler.RfcLoggingAspect.logRfcExecution(RfcLoggingAspect.java:21)
	at java.base/jdk.internal.reflect.NativeMethodAccessorImpl.invoke0(Native Method)
	at java.base/jdk.internal.reflect.NativeMethodAccessorImpl.invoke(NativeMethodAccessorImpl.java:77)
	at java.base/jdk.internal.reflect.DelegatingMethodAccessorImpl.invoke(DelegatingMethodAccessorImpl.java:43)
	at java.base/java.lang.reflect.Method.invoke(Method.java:568)
	at org.springframework.aop.aspectj.AbstractAspectJAdvice.invokeAdviceMethodWithGivenArgs(AbstractAspectJAdvice.java:642)
	at org.springframework.aop.aspectj.AbstractAspectJAdvice.invokeAdviceMethod(AbstractAspectJAdvice.java:632)
	at org.springframework.aop.aspectj.AspectJAroundAdvice.invoke(AspectJAroundAdvice.java:71)
	at org.springframework.aop.framework.ReflectiveMethodInvocation.proceed(ReflectiveMethodInvocation.java:184)
	at org.springframework.aop.interceptor.ExposeInvocationInterceptor.invoke(ExposeInvocationInterceptor.java:97)
	at org.springframework.aop.framework.ReflectiveMethodInvocation.proceed(ReflectiveMethodInvocation.java:184)
	at org.springframework.aop.framework.CglibAopProxy$DynamicAdvisedInterceptor.intercept(CglibAopProxy.java:728)
	at jco.jcosaprfclink.config.saprfc.connection.handler.TaxInvoiceStateHandler$$SpringCGLIB$$0.handleRequest(<generated>)
	at com.sap.conn.jco.rt.DefaultServerWorker$FunctionDispatcher.handleRequest(DefaultServerWorker.java:1041)
	at com.sap.conn.jco.rt.DefaultServerWorker$FunctionDispatcher.handleRequest(DefaultServerWorker.java:977)
	at com.sap.conn.jco.rt.DefaultServerWorker.dispatchRequest(DefaultServerWorker.java:148)
	at com.sap.conn.jco.rt.MiddlewareJavaRfc$JavaRfcServer.dispatchRequest(MiddlewareJavaRfc.java:3685)
	at com.sap.conn.jco.rt.MiddlewareJavaRfc$JavaRfcServer.listen(MiddlewareJavaRfc.java:2729)
	at com.sap.conn.jco.rt.DefaultServerWorker.dispatch(DefaultServerWorker.java:275)
	at com.sap.conn.jco.rt.DefaultServerWorker.loop(DefaultServerWorker.java:356)
	at com.sap.conn.jco.rt.DefaultServerWorker.run(DefaultServerWorker.java:232)
	at java.base/java.lang.Thread.run(Thread.java:833)
Caused by: java.lang.ClassCastException: class org.json.simple.JSONObject cannot be cast to class org.json.simple.JSONArray (org.json.simple.JSONObject and org.json.simple.JSONArray are in unnamed module of loader 'app')
	at jco.jcosaprfclink.utils.JsonPaserUtil.getJsonArrayFromString(JsonPaserUtil.java:84)
	at jco.jcosaprfclink.service.TaxInvoiceStateService.processResponseAndMapToSap(TaxInvoiceStateService.java:91)
	at jco.jcosaprfclink.service.TaxInvoiceStateService.taxinvoiceState(TaxInvoiceStateService.java:50)
	... 52 common frames omitted
[ERROR] 16:07:23.162 j.j.c.s.c.handler.RfcLoggingAspect - RFC ø‰√ª Ω«∆–: function=ZFI_TAXINV_STATUS_TO_WEB, error=SAP RFC √≥∏Æ ¡ﬂ øπø‹ πﬂª˝: ºº±›∞ËªÍº≠ ªÛ≈¬ ¡∂»∏ Ω«∆–
java.lang.RuntimeException: SAP RFC √≥∏Æ ¡ﬂ øπø‹ πﬂª˝: ºº±›∞ËªÍº≠ ªÛ≈¬ ¡∂»∏ Ω«∆–
	at jco.jcosaprfclink.config.saprfc.connection.handler.TaxInvoiceStateHandler.handleRequest(TaxInvoiceStateHandler.java:53)
	at java.base/jdk.internal.reflect.NativeMethodAccessorImpl.invoke0(Native Method)
	at java.base/jdk.internal.reflect.NativeMethodAccessorImpl.invoke(NativeMethodAccessorImpl.java:77)
	at java.base/jdk.internal.reflect.DelegatingMethodAccessorImpl.invoke(DelegatingMethodAccessorImpl.java:43)
	at java.base/java.lang.reflect.Method.invoke(Method.java:568)
	at org.springframework.aop.support.AopUtils.invokeJoinpointUsingReflection(AopUtils.java:359)
	at org.springframework.aop.framework.ReflectiveMethodInvocation.invokeJoinpoint(ReflectiveMethodInvocation.java:196)
	at org.springframework.aop.framework.ReflectiveMethodInvocation.proceed(ReflectiveMethodInvocation.java:163)
	at org.springframework.aop.aspectj.MethodInvocationProceedingJoinPoint.proceed(MethodInvocationProceedingJoinPoint.java:89)
	at jco.jcosaprfclink.config.saprfc.connection.handler.RfcLoggingAspect.logRfcExecution(RfcLoggingAspect.java:21)
	at java.base/jdk.internal.reflect.NativeMethodAccessorImpl.invoke0(Native Method)
	at java.base/jdk.internal.reflect.NativeMethodAccessorImpl.invoke(NativeMethodAccessorImpl.java:77)
	at java.base/jdk.internal.reflect.DelegatingMethodAccessorImpl.invoke(DelegatingMethodAccessorImpl.java:43)
	at java.base/java.lang.reflect.Method.invoke(Method.java:568)
	at org.springframework.aop.aspectj.AbstractAspectJAdvice.invokeAdviceMethodWithGivenArgs(AbstractAspectJAdvice.java:642)
	at org.springframework.aop.aspectj.AbstractAspectJAdvice.invokeAdviceMethod(AbstractAspectJAdvice.java:632)
	at org.springframework.aop.aspectj.AspectJAroundAdvice.invoke(AspectJAroundAdvice.java:71)
	at org.springframework.aop.framework.ReflectiveMethodInvocation.proceed(ReflectiveMethodInvocation.java:184)
	at org.springframework.aop.interceptor.ExposeInvocationInterceptor.invoke(ExposeInvocationInterceptor.java:97)
	at org.springframework.aop.framework.ReflectiveMethodInvocation.proceed(ReflectiveMethodInvocation.java:184)
	at org.springframework.aop.framework.CglibAopProxy$DynamicAdvisedInterceptor.intercept(CglibAopProxy.java:728)
	at jco.jcosaprfclink.config.saprfc.connection.handler.TaxInvoiceStateHandler$$SpringCGLIB$$0.handleRequest(<generated>)
	at com.sap.conn.jco.rt.DefaultServerWorker$FunctionDispatcher.handleRequest(DefaultServerWorker.java:1041)
	at com.sap.conn.jco.rt.DefaultServerWorker$FunctionDispatcher.handleRequest(DefaultServerWorker.java:977)
	at com.sap.conn.jco.rt.DefaultServerWorker.dispatchRequest(DefaultServerWorker.java:148)
	at com.sap.conn.jco.rt.MiddlewareJavaRfc$JavaRfcServer.dispatchRequest(MiddlewareJavaRfc.java:3685)
	at com.sap.conn.jco.rt.MiddlewareJavaRfc$JavaRfcServer.listen(MiddlewareJavaRfc.java:2729)
	at com.sap.conn.jco.rt.DefaultServerWorker.dispatch(DefaultServerWorker.java:275)
	at com.sap.conn.jco.rt.DefaultServerWorker.loop(DefaultServerWorker.java:356)
	at com.sap.conn.jco.rt.DefaultServerWorker.run(DefaultServerWorker.java:232)
	at java.base/java.lang.Thread.run(Thread.java:833)
Caused by: java.lang.RuntimeException: ºº±›∞ËªÍº≠ ªÛ≈¬ ¡∂»∏ Ω«∆–
	at jco.jcosaprfclink.service.TaxInvoiceStateService.taxinvoiceState(TaxInvoiceStateService.java:55)
	at java.base/jdk.internal.reflect.NativeMethodAccessorImpl.invoke0(Native Method)
	at java.base/jdk.internal.reflect.NativeMethodAccessorImpl.invoke(NativeMethodAccessorImpl.java:77)
	at java.base/jdk.internal.reflect.DelegatingMethodAccessorImpl.invoke(DelegatingMethodAccessorImpl.java:43)
	at java.base/java.lang.reflect.Method.invoke(Method.java:568)
	at org.springframework.aop.support.AopUtils.invokeJoinpointUsingReflection(AopUtils.java:359)
	at org.springframework.aop.framework.ReflectiveMethodInvocation.invokeJoinpoint(ReflectiveMethodInvocation.java:196)
	at org.springframework.aop.framework.ReflectiveMethodInvocation.proceed(ReflectiveMethodInvocation.java:163)
	at org.springframework.aop.aspectj.MethodInvocationProceedingJoinPoint.proceed(MethodInvocationProceedingJoinPoint.java:89)
	at jco.jcosaprfclink.config.aop.TimeTraceAspect.traceTime(TimeTraceAspect.java:27)
	at java.base/jdk.internal.reflect.NativeMethodAccessorImpl.invoke0(Native Method)
	at java.base/jdk.internal.reflect.NativeMethodAccessorImpl.invoke(NativeMethodAccessorImpl.java:77)
	at java.base/jdk.internal.reflect.DelegatingMethodAccessorImpl.invoke(DelegatingMethodAccessorImpl.java:43)
	at java.base/java.lang.reflect.Method.invoke(Method.java:568)
	at org.springframework.aop.aspectj.AbstractAspectJAdvice.invokeAdviceMethodWithGivenArgs(AbstractAspectJAdvice.java:642)
	at org.springframework.aop.aspectj.AbstractAspectJAdvice.invokeAdviceMethod(AbstractAspectJAdvice.java:632)
	at org.springframework.aop.aspectj.AspectJAroundAdvice.invoke(AspectJAroundAdvice.java:71)
	at org.springframework.aop.framework.ReflectiveMethodInvocation.proceed(ReflectiveMethodInvocation.java:173)
	at org.springframework.aop.interceptor.ExposeInvocationInterceptor.invoke(ExposeInvocationInterceptor.java:97)
	at org.springframework.aop.framework.ReflectiveMethodInvocation.proceed(ReflectiveMethodInvocation.java:184)
	at org.springframework.aop.framework.CglibAopProxy$DynamicAdvisedInterceptor.intercept(CglibAopProxy.java:728)
	at jco.jcosaprfclink.service.TaxInvoiceStateService$$SpringCGLIB$$0.taxinvoiceState(<generated>)
	at jco.jcosaprfclink.config.saprfc.connection.handler.TaxInvoiceStateHandler.handleRequest(TaxInvoiceStateHandler.java:49)
	... 30 common frames omitted
Caused by: java.lang.ClassCastException: class org.json.simple.JSONObject cannot be cast to class org.json.simple.JSONArray (org.json.simple.JSONObject and org.json.simple.JSONArray are in unnamed module of loader 'app')
	at jco.jcosaprfclink.utils.JsonPaserUtil.getJsonArrayFromString(JsonPaserUtil.java:84)
	at jco.jcosaprfclink.service.TaxInvoiceStateService.processResponseAndMapToSap(TaxInvoiceStateService.java:91)
	at jco.jcosaprfclink.service.TaxInvoiceStateService.taxinvoiceState(TaxInvoiceStateService.java:50)
	... 52 common frames omitted
[ERROR] 16:30:15.326 o.s.b.d.LoggingFailureAnalysisReporter - 

***************************
APPLICATION FAILED TO START
***************************

Description:

Web server failed to start. Port 8080 was already in use.

Action:

Identify and stop the process that's listening on port 8080 or configure this application to listen on another port.

[ERROR] 17:32:52.281 jco.jcosaprfclink.utils.HttpUtil - HTTP ø‰√ª √÷¡æ Ω«∆–: Connection refused: no further information
[ERROR] 17:32:52.359 j.j.service.TaxInvoiceStateService - ºº±›∞ËªÍº≠ ªÛ≈¬ ¡∂»∏ ¡ﬂ ø¿∑˘ πﬂª˝: class org.json.simple.JSONObject cannot be cast to class org.json.simple.JSONArray (org.json.simple.JSONObject and org.json.simple.JSONArray are in unnamed module of loader 'app')
java.lang.ClassCastException: class org.json.simple.JSONObject cannot be cast to class org.json.simple.JSONArray (org.json.simple.JSONObject and org.json.simple.JSONArray are in unnamed module of loader 'app')
	at jco.jcosaprfclink.utils.JsonPaserUtil.getJsonArrayFromString(JsonPaserUtil.java:84)
	at jco.jcosaprfclink.service.TaxInvoiceStateService.processResponseAndMapToSap(TaxInvoiceStateService.java:91)
	at jco.jcosaprfclink.service.TaxInvoiceStateService.taxinvoiceState(TaxInvoiceStateService.java:50)
	at java.base/jdk.internal.reflect.NativeMethodAccessorImpl.invoke0(Native Method)
	at java.base/jdk.internal.reflect.NativeMethodAccessorImpl.invoke(NativeMethodAccessorImpl.java:77)
	at java.base/jdk.internal.reflect.DelegatingMethodAccessorImpl.invoke(DelegatingMethodAccessorImpl.java:43)
	at java.base/java.lang.reflect.Method.invoke(Method.java:568)
	at org.springframework.aop.support.AopUtils.invokeJoinpointUsingReflection(AopUtils.java:359)
	at org.springframework.aop.framework.ReflectiveMethodInvocation.invokeJoinpoint(ReflectiveMethodInvocation.java:196)
	at org.springframework.aop.framework.ReflectiveMethodInvocation.proceed(ReflectiveMethodInvocation.java:163)
	at org.springframework.aop.aspectj.MethodInvocationProceedingJoinPoint.proceed(MethodInvocationProceedingJoinPoint.java:89)
	at jco.jcosaprfclink.config.aop.TimeTraceAspect.traceTime(TimeTraceAspect.java:27)
	at java.base/jdk.internal.reflect.NativeMethodAccessorImpl.invoke0(Native Method)
	at java.base/jdk.internal.reflect.NativeMethodAccessorImpl.invoke(NativeMethodAccessorImpl.java:77)
	at java.base/jdk.internal.reflect.DelegatingMethodAccessorImpl.invoke(DelegatingMethodAccessorImpl.java:43)
	at java.base/java.lang.reflect.Method.invoke(Method.java:568)
	at org.springframework.aop.aspectj.AbstractAspectJAdvice.invokeAdviceMethodWithGivenArgs(AbstractAspectJAdvice.java:642)
	at org.springframework.aop.aspectj.AbstractAspectJAdvice.invokeAdviceMethod(AbstractAspectJAdvice.java:632)
	at org.springframework.aop.aspectj.AspectJAroundAdvice.invoke(AspectJAroundAdvice.java:71)
	at org.springframework.aop.framework.ReflectiveMethodInvocation.proceed(ReflectiveMethodInvocation.java:173)
	at org.springframework.aop.interceptor.ExposeInvocationInterceptor.invoke(ExposeInvocationInterceptor.java:97)
	at org.springframework.aop.framework.ReflectiveMethodInvocation.proceed(ReflectiveMethodInvocation.java:184)
	at org.springframework.aop.framework.CglibAopProxy$DynamicAdvisedInterceptor.intercept(CglibAopProxy.java:728)
	at jco.jcosaprfclink.service.TaxInvoiceStateService$$SpringCGLIB$$0.taxinvoiceState(<generated>)
	at jco.jcosaprfclink.config.saprfc.connection.handler.TaxInvoiceStateHandler.handleRequest(TaxInvoiceStateHandler.java:49)
	at java.base/jdk.internal.reflect.NativeMethodAccessorImpl.invoke0(Native Method)
	at java.base/jdk.internal.reflect.NativeMethodAccessorImpl.invoke(NativeMethodAccessorImpl.java:77)
	at java.base/jdk.internal.reflect.DelegatingMethodAccessorImpl.invoke(DelegatingMethodAccessorImpl.java:43)
	at java.base/java.lang.reflect.Method.invoke(Method.java:568)
	at org.springframework.aop.support.AopUtils.invokeJoinpointUsingReflection(AopUtils.java:359)
	at org.springframework.aop.framework.ReflectiveMethodInvocation.invokeJoinpoint(ReflectiveMethodInvocation.java:196)
	at org.springframework.aop.framework.ReflectiveMethodInvocation.proceed(ReflectiveMethodInvocation.java:163)
	at org.springframework.aop.aspectj.MethodInvocationProceedingJoinPoint.proceed(MethodInvocationProceedingJoinPoint.java:89)
	at jco.jcosaprfclink.config.saprfc.connection.handler.RfcLoggingAspect.logRfcExecution(RfcLoggingAspect.java:21)
	at java.base/jdk.internal.reflect.NativeMethodAccessorImpl.invoke0(Native Method)
	at java.base/jdk.internal.reflect.NativeMethodAccessorImpl.invoke(NativeMethodAccessorImpl.java:77)
	at java.base/jdk.internal.reflect.DelegatingMethodAccessorImpl.invoke(DelegatingMethodAccessorImpl.java:43)
	at java.base/java.lang.reflect.Method.invoke(Method.java:568)
	at org.springframework.aop.aspectj.AbstractAspectJAdvice.invokeAdviceMethodWithGivenArgs(AbstractAspectJAdvice.java:642)
	at org.springframework.aop.aspectj.AbstractAspectJAdvice.invokeAdviceMethod(AbstractAspectJAdvice.java:632)
	at org.springframework.aop.aspectj.AspectJAroundAdvice.invoke(AspectJAroundAdvice.java:71)
	at org.springframework.aop.framework.ReflectiveMethodInvocation.proceed(ReflectiveMethodInvocation.java:184)
	at org.springframework.aop.interceptor.ExposeInvocationInterceptor.invoke(ExposeInvocationInterceptor.java:97)
	at org.springframework.aop.framework.ReflectiveMethodInvocation.proceed(ReflectiveMethodInvocation.java:184)
	at org.springframework.aop.framework.CglibAopProxy$DynamicAdvisedInterceptor.intercept(CglibAopProxy.java:728)
	at jco.jcosaprfclink.config.saprfc.connection.handler.TaxInvoiceStateHandler$$SpringCGLIB$$0.handleRequest(<generated>)
	at com.sap.conn.jco.rt.DefaultServerWorker$FunctionDispatcher.handleRequest(DefaultServerWorker.java:1041)
	at com.sap.conn.jco.rt.DefaultServerWorker$FunctionDispatcher.handleRequest(DefaultServerWorker.java:977)
	at com.sap.conn.jco.rt.DefaultServerWorker.dispatchRequest(DefaultServerWorker.java:148)
	at com.sap.conn.jco.rt.MiddlewareJavaRfc$JavaRfcServer.dispatchRequest(MiddlewareJavaRfc.java:3685)
	at com.sap.conn.jco.rt.MiddlewareJavaRfc$JavaRfcServer.listen(MiddlewareJavaRfc.java:2729)
	at com.sap.conn.jco.rt.DefaultServerWorker.dispatch(DefaultServerWorker.java:275)
	at com.sap.conn.jco.rt.DefaultServerWorker.loop(DefaultServerWorker.java:356)
	at com.sap.conn.jco.rt.DefaultServerWorker.run(DefaultServerWorker.java:232)
	at java.base/java.lang.Thread.run(Thread.java:833)
[ERROR] 17:32:52.456 j.j.c.s.c.h.TaxInvoiceStateHandler - [TaxInvoiceStateHandler] handleRequest øπø‹ πﬂª˝ - function: ZFI_TAXINV_STATUS_TO_WEB
java.lang.RuntimeException: ºº±›∞ËªÍº≠ ªÛ≈¬ ¡∂»∏ Ω«∆–
	at jco.jcosaprfclink.service.TaxInvoiceStateService.taxinvoiceState(TaxInvoiceStateService.java:55)
	at java.base/jdk.internal.reflect.NativeMethodAccessorImpl.invoke0(Native Method)
	at java.base/jdk.internal.reflect.NativeMethodAccessorImpl.invoke(NativeMethodAccessorImpl.java:77)
	at java.base/jdk.internal.reflect.DelegatingMethodAccessorImpl.invoke(DelegatingMethodAccessorImpl.java:43)
	at java.base/java.lang.reflect.Method.invoke(Method.java:568)
	at org.springframework.aop.support.AopUtils.invokeJoinpointUsingReflection(AopUtils.java:359)
	at org.springframework.aop.framework.ReflectiveMethodInvocation.invokeJoinpoint(ReflectiveMethodInvocation.java:196)
	at org.springframework.aop.framework.ReflectiveMethodInvocation.proceed(ReflectiveMethodInvocation.java:163)
	at org.springframework.aop.aspectj.MethodInvocationProceedingJoinPoint.proceed(MethodInvocationProceedingJoinPoint.java:89)
	at jco.jcosaprfclink.config.aop.TimeTraceAspect.traceTime(TimeTraceAspect.java:27)
	at java.base/jdk.internal.reflect.NativeMethodAccessorImpl.invoke0(Native Method)
	at java.base/jdk.internal.reflect.NativeMethodAccessorImpl.invoke(NativeMethodAccessorImpl.java:77)
	at java.base/jdk.internal.reflect.DelegatingMethodAccessorImpl.invoke(DelegatingMethodAccessorImpl.java:43)
	at java.base/java.lang.reflect.Method.invoke(Method.java:568)
	at org.springframework.aop.aspectj.AbstractAspectJAdvice.invokeAdviceMethodWithGivenArgs(AbstractAspectJAdvice.java:642)
	at org.springframework.aop.aspectj.AbstractAspectJAdvice.invokeAdviceMethod(AbstractAspectJAdvice.java:632)
	at org.springframework.aop.aspectj.AspectJAroundAdvice.invoke(AspectJAroundAdvice.java:71)
	at org.springframework.aop.framework.ReflectiveMethodInvocation.proceed(ReflectiveMethodInvocation.java:173)
	at org.springframework.aop.interceptor.ExposeInvocationInterceptor.invoke(ExposeInvocationInterceptor.java:97)
	at org.springframework.aop.framework.ReflectiveMethodInvocation.proceed(ReflectiveMethodInvocation.java:184)
	at org.springframework.aop.framework.CglibAopProxy$DynamicAdvisedInterceptor.intercept(CglibAopProxy.java:728)
	at jco.jcosaprfclink.service.TaxInvoiceStateService$$SpringCGLIB$$0.taxinvoiceState(<generated>)
	at jco.jcosaprfclink.config.saprfc.connection.handler.TaxInvoiceStateHandler.handleRequest(TaxInvoiceStateHandler.java:49)
	at java.base/jdk.internal.reflect.NativeMethodAccessorImpl.invoke0(Native Method)
	at java.base/jdk.internal.reflect.NativeMethodAccessorImpl.invoke(NativeMethodAccessorImpl.java:77)
	at java.base/jdk.internal.reflect.DelegatingMethodAccessorImpl.invoke(DelegatingMethodAccessorImpl.java:43)
	at java.base/java.lang.reflect.Method.invoke(Method.java:568)
	at org.springframework.aop.support.AopUtils.invokeJoinpointUsingReflection(AopUtils.java:359)
	at org.springframework.aop.framework.ReflectiveMethodInvocation.invokeJoinpoint(ReflectiveMethodInvocation.java:196)
	at org.springframework.aop.framework.ReflectiveMethodInvocation.proceed(ReflectiveMethodInvocation.java:163)
	at org.springframework.aop.aspectj.MethodInvocationProceedingJoinPoint.proceed(MethodInvocationProceedingJoinPoint.java:89)
	at jco.jcosaprfclink.config.saprfc.connection.handler.RfcLoggingAspect.logRfcExecution(RfcLoggingAspect.java:21)
	at java.base/jdk.internal.reflect.NativeMethodAccessorImpl.invoke0(Native Method)
	at java.base/jdk.internal.reflect.NativeMethodAccessorImpl.invoke(NativeMethodAccessorImpl.java:77)
	at java.base/jdk.internal.reflect.DelegatingMethodAccessorImpl.invoke(DelegatingMethodAccessorImpl.java:43)
	at java.base/java.lang.reflect.Method.invoke(Method.java:568)
	at org.springframework.aop.aspectj.AbstractAspectJAdvice.invokeAdviceMethodWithGivenArgs(AbstractAspectJAdvice.java:642)
	at org.springframework.aop.aspectj.AbstractAspectJAdvice.invokeAdviceMethod(AbstractAspectJAdvice.java:632)
	at org.springframework.aop.aspectj.AspectJAroundAdvice.invoke(AspectJAroundAdvice.java:71)
	at org.springframework.aop.framework.ReflectiveMethodInvocation.proceed(ReflectiveMethodInvocation.java:184)
	at org.springframework.aop.interceptor.ExposeInvocationInterceptor.invoke(ExposeInvocationInterceptor.java:97)
	at org.springframework.aop.framework.ReflectiveMethodInvocation.proceed(ReflectiveMethodInvocation.java:184)
	at org.springframework.aop.framework.CglibAopProxy$DynamicAdvisedInterceptor.intercept(CglibAopProxy.java:728)
	at jco.jcosaprfclink.config.saprfc.connection.handler.TaxInvoiceStateHandler$$SpringCGLIB$$0.handleRequest(<generated>)
	at com.sap.conn.jco.rt.DefaultServerWorker$FunctionDispatcher.handleRequest(DefaultServerWorker.java:1041)
	at com.sap.conn.jco.rt.DefaultServerWorker$FunctionDispatcher.handleRequest(DefaultServerWorker.java:977)
	at com.sap.conn.jco.rt.DefaultServerWorker.dispatchRequest(DefaultServerWorker.java:148)
	at com.sap.conn.jco.rt.MiddlewareJavaRfc$JavaRfcServer.dispatchRequest(MiddlewareJavaRfc.java:3685)
	at com.sap.conn.jco.rt.MiddlewareJavaRfc$JavaRfcServer.listen(MiddlewareJavaRfc.java:2729)
	at com.sap.conn.jco.rt.DefaultServerWorker.dispatch(DefaultServerWorker.java:275)
	at com.sap.conn.jco.rt.DefaultServerWorker.loop(DefaultServerWorker.java:356)
	at com.sap.conn.jco.rt.DefaultServerWorker.run(DefaultServerWorker.java:232)
	at java.base/java.lang.Thread.run(Thread.java:833)
Caused by: java.lang.ClassCastException: class org.json.simple.JSONObject cannot be cast to class org.json.simple.JSONArray (org.json.simple.JSONObject and org.json.simple.JSONArray are in unnamed module of loader 'app')
	at jco.jcosaprfclink.utils.JsonPaserUtil.getJsonArrayFromString(JsonPaserUtil.java:84)
	at jco.jcosaprfclink.service.TaxInvoiceStateService.processResponseAndMapToSap(TaxInvoiceStateService.java:91)
	at jco.jcosaprfclink.service.TaxInvoiceStateService.taxinvoiceState(TaxInvoiceStateService.java:50)
	... 52 common frames omitted
[ERROR] 17:32:52.468 j.j.c.s.c.handler.RfcLoggingAspect - RFC ø‰√ª Ω«∆–: function=ZFI_TAXINV_STATUS_TO_WEB, error=SAP RFC √≥∏Æ ¡ﬂ øπø‹ πﬂª˝: ºº±›∞ËªÍº≠ ªÛ≈¬ ¡∂»∏ Ω«∆–
java.lang.RuntimeException: SAP RFC √≥∏Æ ¡ﬂ øπø‹ πﬂª˝: ºº±›∞ËªÍº≠ ªÛ≈¬ ¡∂»∏ Ω«∆–
	at jco.jcosaprfclink.config.saprfc.connection.handler.TaxInvoiceStateHandler.handleRequest(TaxInvoiceStateHandler.java:53)
	at java.base/jdk.internal.reflect.NativeMethodAccessorImpl.invoke0(Native Method)
	at java.base/jdk.internal.reflect.NativeMethodAccessorImpl.invoke(NativeMethodAccessorImpl.java:77)
	at java.base/jdk.internal.reflect.DelegatingMethodAccessorImpl.invoke(DelegatingMethodAccessorImpl.java:43)
	at java.base/java.lang.reflect.Method.invoke(Method.java:568)
	at org.springframework.aop.support.AopUtils.invokeJoinpointUsingReflection(AopUtils.java:359)
	at org.springframework.aop.framework.ReflectiveMethodInvocation.invokeJoinpoint(ReflectiveMethodInvocation.java:196)
	at org.springframework.aop.framework.ReflectiveMethodInvocation.proceed(ReflectiveMethodInvocation.java:163)
	at org.springframework.aop.aspectj.MethodInvocationProceedingJoinPoint.proceed(MethodInvocationProceedingJoinPoint.java:89)
	at jco.jcosaprfclink.config.saprfc.connection.handler.RfcLoggingAspect.logRfcExecution(RfcLoggingAspect.java:21)
	at java.base/jdk.internal.reflect.NativeMethodAccessorImpl.invoke0(Native Method)
	at java.base/jdk.internal.reflect.NativeMethodAccessorImpl.invoke(NativeMethodAccessorImpl.java:77)
	at java.base/jdk.internal.reflect.DelegatingMethodAccessorImpl.invoke(DelegatingMethodAccessorImpl.java:43)
	at java.base/java.lang.reflect.Method.invoke(Method.java:568)
	at org.springframework.aop.aspectj.AbstractAspectJAdvice.invokeAdviceMethodWithGivenArgs(AbstractAspectJAdvice.java:642)
	at org.springframework.aop.aspectj.AbstractAspectJAdvice.invokeAdviceMethod(AbstractAspectJAdvice.java:632)
	at org.springframework.aop.aspectj.AspectJAroundAdvice.invoke(AspectJAroundAdvice.java:71)
	at org.springframework.aop.framework.ReflectiveMethodInvocation.proceed(ReflectiveMethodInvocation.java:184)
	at org.springframework.aop.interceptor.ExposeInvocationInterceptor.invoke(ExposeInvocationInterceptor.java:97)
	at org.springframework.aop.framework.ReflectiveMethodInvocation.proceed(ReflectiveMethodInvocation.java:184)
	at org.springframework.aop.framework.CglibAopProxy$DynamicAdvisedInterceptor.intercept(CglibAopProxy.java:728)
	at jco.jcosaprfclink.config.saprfc.connection.handler.TaxInvoiceStateHandler$$SpringCGLIB$$0.handleRequest(<generated>)
	at com.sap.conn.jco.rt.DefaultServerWorker$FunctionDispatcher.handleRequest(DefaultServerWorker.java:1041)
	at com.sap.conn.jco.rt.DefaultServerWorker$FunctionDispatcher.handleRequest(DefaultServerWorker.java:977)
	at com.sap.conn.jco.rt.DefaultServerWorker.dispatchRequest(DefaultServerWorker.java:148)
	at com.sap.conn.jco.rt.MiddlewareJavaRfc$JavaRfcServer.dispatchRequest(MiddlewareJavaRfc.java:3685)
	at com.sap.conn.jco.rt.MiddlewareJavaRfc$JavaRfcServer.listen(MiddlewareJavaRfc.java:2729)
	at com.sap.conn.jco.rt.DefaultServerWorker.dispatch(DefaultServerWorker.java:275)
	at com.sap.conn.jco.rt.DefaultServerWorker.loop(DefaultServerWorker.java:356)
	at com.sap.conn.jco.rt.DefaultServerWorker.run(DefaultServerWorker.java:232)
	at java.base/java.lang.Thread.run(Thread.java:833)
Caused by: java.lang.RuntimeException: ºº±›∞ËªÍº≠ ªÛ≈¬ ¡∂»∏ Ω«∆–
	at jco.jcosaprfclink.service.TaxInvoiceStateService.taxinvoiceState(TaxInvoiceStateService.java:55)
	at java.base/jdk.internal.reflect.NativeMethodAccessorImpl.invoke0(Native Method)
	at java.base/jdk.internal.reflect.NativeMethodAccessorImpl.invoke(NativeMethodAccessorImpl.java:77)
	at java.base/jdk.internal.reflect.DelegatingMethodAccessorImpl.invoke(DelegatingMethodAccessorImpl.java:43)
	at java.base/java.lang.reflect.Method.invoke(Method.java:568)
	at org.springframework.aop.support.AopUtils.invokeJoinpointUsingReflection(AopUtils.java:359)
	at org.springframework.aop.framework.ReflectiveMethodInvocation.invokeJoinpoint(ReflectiveMethodInvocation.java:196)
	at org.springframework.aop.framework.ReflectiveMethodInvocation.proceed(ReflectiveMethodInvocation.java:163)
	at org.springframework.aop.aspectj.MethodInvocationProceedingJoinPoint.proceed(MethodInvocationProceedingJoinPoint.java:89)
	at jco.jcosaprfclink.config.aop.TimeTraceAspect.traceTime(TimeTraceAspect.java:27)
	at java.base/jdk.internal.reflect.NativeMethodAccessorImpl.invoke0(Native Method)
	at java.base/jdk.internal.reflect.NativeMethodAccessorImpl.invoke(NativeMethodAccessorImpl.java:77)
	at java.base/jdk.internal.reflect.DelegatingMethodAccessorImpl.invoke(DelegatingMethodAccessorImpl.java:43)
	at java.base/java.lang.reflect.Method.invoke(Method.java:568)
	at org.springframework.aop.aspectj.AbstractAspectJAdvice.invokeAdviceMethodWithGivenArgs(AbstractAspectJAdvice.java:642)
	at org.springframework.aop.aspectj.AbstractAspectJAdvice.invokeAdviceMethod(AbstractAspectJAdvice.java:632)
	at org.springframework.aop.aspectj.AspectJAroundAdvice.invoke(AspectJAroundAdvice.java:71)
	at org.springframework.aop.framework.ReflectiveMethodInvocation.proceed(ReflectiveMethodInvocation.java:173)
	at org.springframework.aop.interceptor.ExposeInvocationInterceptor.invoke(ExposeInvocationInterceptor.java:97)
	at org.springframework.aop.framework.ReflectiveMethodInvocation.proceed(ReflectiveMethodInvocation.java:184)
	at org.springframework.aop.framework.CglibAopProxy$DynamicAdvisedInterceptor.intercept(CglibAopProxy.java:728)
	at jco.jcosaprfclink.service.TaxInvoiceStateService$$SpringCGLIB$$0.taxinvoiceState(<generated>)
	at jco.jcosaprfclink.config.saprfc.connection.handler.TaxInvoiceStateHandler.handleRequest(TaxInvoiceStateHandler.java:49)
	... 30 common frames omitted
Caused by: java.lang.ClassCastException: class org.json.simple.JSONObject cannot be cast to class org.json.simple.JSONArray (org.json.simple.JSONObject and org.json.simple.JSONArray are in unnamed module of loader 'app')
	at jco.jcosaprfclink.utils.JsonPaserUtil.getJsonArrayFromString(JsonPaserUtil.java:84)
	at jco.jcosaprfclink.service.TaxInvoiceStateService.processResponseAndMapToSap(TaxInvoiceStateService.java:91)
	at jco.jcosaprfclink.service.TaxInvoiceStateService.taxinvoiceState(TaxInvoiceStateService.java:50)
	... 52 common frames omitted
[ERROR] 17:36:22.883 jco.jcosaprfclink.utils.HttpUtil - HTTP ø‰√ª √÷¡æ Ω«∆–: Connection refused: no further information
[ERROR] 17:36:22.888 j.j.service.TaxInvoiceStateService - ºº±›∞ËªÍº≠ ªÛ≈¬ ¡∂»∏ ¡ﬂ ø¿∑˘ πﬂª˝: class org.json.simple.JSONObject cannot be cast to class org.json.simple.JSONArray (org.json.simple.JSONObject and org.json.simple.JSONArray are in unnamed module of loader 'app')
java.lang.ClassCastException: class org.json.simple.JSONObject cannot be cast to class org.json.simple.JSONArray (org.json.simple.JSONObject and org.json.simple.JSONArray are in unnamed module of loader 'app')
	at jco.jcosaprfclink.utils.JsonPaserUtil.getJsonArrayFromString(JsonPaserUtil.java:84)
	at jco.jcosaprfclink.service.TaxInvoiceStateService.processResponseAndMapToSap(TaxInvoiceStateService.java:91)
	at jco.jcosaprfclink.service.TaxInvoiceStateService.taxinvoiceState(TaxInvoiceStateService.java:50)
	at java.base/jdk.internal.reflect.NativeMethodAccessorImpl.invoke0(Native Method)
	at java.base/jdk.internal.reflect.NativeMethodAccessorImpl.invoke(NativeMethodAccessorImpl.java:77)
	at java.base/jdk.internal.reflect.DelegatingMethodAccessorImpl.invoke(DelegatingMethodAccessorImpl.java:43)
	at java.base/java.lang.reflect.Method.invoke(Method.java:568)
	at org.springframework.aop.support.AopUtils.invokeJoinpointUsingReflection(AopUtils.java:359)
	at org.springframework.aop.framework.ReflectiveMethodInvocation.invokeJoinpoint(ReflectiveMethodInvocation.java:196)
	at org.springframework.aop.framework.ReflectiveMethodInvocation.proceed(ReflectiveMethodInvocation.java:163)
	at org.springframework.aop.aspectj.MethodInvocationProceedingJoinPoint.proceed(MethodInvocationProceedingJoinPoint.java:89)
	at jco.jcosaprfclink.config.aop.TimeTraceAspect.traceTime(TimeTraceAspect.java:27)
	at java.base/jdk.internal.reflect.NativeMethodAccessorImpl.invoke0(Native Method)
	at java.base/jdk.internal.reflect.NativeMethodAccessorImpl.invoke(NativeMethodAccessorImpl.java:77)
	at java.base/jdk.internal.reflect.DelegatingMethodAccessorImpl.invoke(DelegatingMethodAccessorImpl.java:43)
	at java.base/java.lang.reflect.Method.invoke(Method.java:568)
	at org.springframework.aop.aspectj.AbstractAspectJAdvice.invokeAdviceMethodWithGivenArgs(AbstractAspectJAdvice.java:642)
	at org.springframework.aop.aspectj.AbstractAspectJAdvice.invokeAdviceMethod(AbstractAspectJAdvice.java:632)
	at org.springframework.aop.aspectj.AspectJAroundAdvice.invoke(AspectJAroundAdvice.java:71)
	at org.springframework.aop.framework.ReflectiveMethodInvocation.proceed(ReflectiveMethodInvocation.java:173)
	at org.springframework.aop.interceptor.ExposeInvocationInterceptor.invoke(ExposeInvocationInterceptor.java:97)
	at org.springframework.aop.framework.ReflectiveMethodInvocation.proceed(ReflectiveMethodInvocation.java:184)
	at org.springframework.aop.framework.CglibAopProxy$DynamicAdvisedInterceptor.intercept(CglibAopProxy.java:728)
	at jco.jcosaprfclink.service.TaxInvoiceStateService$$SpringCGLIB$$0.taxinvoiceState(<generated>)
	at jco.jcosaprfclink.config.saprfc.connection.handler.TaxInvoiceStateHandler.handleRequest(TaxInvoiceStateHandler.java:49)
	at java.base/jdk.internal.reflect.NativeMethodAccessorImpl.invoke0(Native Method)
	at java.base/jdk.internal.reflect.NativeMethodAccessorImpl.invoke(NativeMethodAccessorImpl.java:77)
	at java.base/jdk.internal.reflect.DelegatingMethodAccessorImpl.invoke(DelegatingMethodAccessorImpl.java:43)
	at java.base/java.lang.reflect.Method.invoke(Method.java:568)
	at org.springframework.aop.support.AopUtils.invokeJoinpointUsingReflection(AopUtils.java:359)
	at org.springframework.aop.framework.ReflectiveMethodInvocation.invokeJoinpoint(ReflectiveMethodInvocation.java:196)
	at org.springframework.aop.framework.ReflectiveMethodInvocation.proceed(ReflectiveMethodInvocation.java:163)
	at org.springframework.aop.aspectj.MethodInvocationProceedingJoinPoint.proceed(MethodInvocationProceedingJoinPoint.java:89)
	at jco.jcosaprfclink.config.saprfc.connection.handler.RfcLoggingAspect.logRfcExecution(RfcLoggingAspect.java:21)
	at java.base/jdk.internal.reflect.NativeMethodAccessorImpl.invoke0(Native Method)
	at java.base/jdk.internal.reflect.NativeMethodAccessorImpl.invoke(NativeMethodAccessorImpl.java:77)
	at java.base/jdk.internal.reflect.DelegatingMethodAccessorImpl.invoke(DelegatingMethodAccessorImpl.java:43)
	at java.base/java.lang.reflect.Method.invoke(Method.java:568)
	at org.springframework.aop.aspectj.AbstractAspectJAdvice.invokeAdviceMethodWithGivenArgs(AbstractAspectJAdvice.java:642)
	at org.springframework.aop.aspectj.AbstractAspectJAdvice.invokeAdviceMethod(AbstractAspectJAdvice.java:632)
	at org.springframework.aop.aspectj.AspectJAroundAdvice.invoke(AspectJAroundAdvice.java:71)
	at org.springframework.aop.framework.ReflectiveMethodInvocation.proceed(ReflectiveMethodInvocation.java:184)
	at org.springframework.aop.interceptor.ExposeInvocationInterceptor.invoke(ExposeInvocationInterceptor.java:97)
	at org.springframework.aop.framework.ReflectiveMethodInvocation.proceed(ReflectiveMethodInvocation.java:184)
	at org.springframework.aop.framework.CglibAopProxy$DynamicAdvisedInterceptor.intercept(CglibAopProxy.java:728)
	at jco.jcosaprfclink.config.saprfc.connection.handler.TaxInvoiceStateHandler$$SpringCGLIB$$0.handleRequest(<generated>)
	at com.sap.conn.jco.rt.DefaultServerWorker$FunctionDispatcher.handleRequest(DefaultServerWorker.java:1041)
	at com.sap.conn.jco.rt.DefaultServerWorker$FunctionDispatcher.handleRequest(DefaultServerWorker.java:977)
	at com.sap.conn.jco.rt.DefaultServerWorker.dispatchRequest(DefaultServerWorker.java:148)
	at com.sap.conn.jco.rt.MiddlewareJavaRfc$JavaRfcServer.dispatchRequest(MiddlewareJavaRfc.java:3685)
	at com.sap.conn.jco.rt.MiddlewareJavaRfc$JavaRfcServer.listen(MiddlewareJavaRfc.java:2729)
	at com.sap.conn.jco.rt.DefaultServerWorker.dispatch(DefaultServerWorker.java:275)
	at com.sap.conn.jco.rt.DefaultServerWorker.loop(DefaultServerWorker.java:356)
	at com.sap.conn.jco.rt.DefaultServerWorker.run(DefaultServerWorker.java:232)
	at java.base/java.lang.Thread.run(Thread.java:833)
[ERROR] 17:36:22.895 j.j.c.s.c.h.TaxInvoiceStateHandler - [TaxInvoiceStateHandler] handleRequest øπø‹ πﬂª˝ - function: ZFI_TAXINV_STATUS_TO_WEB
java.lang.RuntimeException: ºº±›∞ËªÍº≠ ªÛ≈¬ ¡∂»∏ Ω«∆–
	at jco.jcosaprfclink.service.TaxInvoiceStateService.taxinvoiceState(TaxInvoiceStateService.java:55)
	at java.base/jdk.internal.reflect.NativeMethodAccessorImpl.invoke0(Native Method)
	at java.base/jdk.internal.reflect.NativeMethodAccessorImpl.invoke(NativeMethodAccessorImpl.java:77)
	at java.base/jdk.internal.reflect.DelegatingMethodAccessorImpl.invoke(DelegatingMethodAccessorImpl.java:43)
	at java.base/java.lang.reflect.Method.invoke(Method.java:568)
	at org.springframework.aop.support.AopUtils.invokeJoinpointUsingReflection(AopUtils.java:359)
	at org.springframework.aop.framework.ReflectiveMethodInvocation.invokeJoinpoint(ReflectiveMethodInvocation.java:196)
	at org.springframework.aop.framework.ReflectiveMethodInvocation.proceed(ReflectiveMethodInvocation.java:163)
	at org.springframework.aop.aspectj.MethodInvocationProceedingJoinPoint.proceed(MethodInvocationProceedingJoinPoint.java:89)
	at jco.jcosaprfclink.config.aop.TimeTraceAspect.traceTime(TimeTraceAspect.java:27)
	at java.base/jdk.internal.reflect.NativeMethodAccessorImpl.invoke0(Native Method)
	at java.base/jdk.internal.reflect.NativeMethodAccessorImpl.invoke(NativeMethodAccessorImpl.java:77)
	at java.base/jdk.internal.reflect.DelegatingMethodAccessorImpl.invoke(DelegatingMethodAccessorImpl.java:43)
	at java.base/java.lang.reflect.Method.invoke(Method.java:568)
	at org.springframework.aop.aspectj.AbstractAspectJAdvice.invokeAdviceMethodWithGivenArgs(AbstractAspectJAdvice.java:642)
	at org.springframework.aop.aspectj.AbstractAspectJAdvice.invokeAdviceMethod(AbstractAspectJAdvice.java:632)
	at org.springframework.aop.aspectj.AspectJAroundAdvice.invoke(AspectJAroundAdvice.java:71)
	at org.springframework.aop.framework.ReflectiveMethodInvocation.proceed(ReflectiveMethodInvocation.java:173)
	at org.springframework.aop.interceptor.ExposeInvocationInterceptor.invoke(ExposeInvocationInterceptor.java:97)
	at org.springframework.aop.framework.ReflectiveMethodInvocation.proceed(ReflectiveMethodInvocation.java:184)
	at org.springframework.aop.framework.CglibAopProxy$DynamicAdvisedInterceptor.intercept(CglibAopProxy.java:728)
	at jco.jcosaprfclink.service.TaxInvoiceStateService$$SpringCGLIB$$0.taxinvoiceState(<generated>)
	at jco.jcosaprfclink.config.saprfc.connection.handler.TaxInvoiceStateHandler.handleRequest(TaxInvoiceStateHandler.java:49)
	at java.base/jdk.internal.reflect.NativeMethodAccessorImpl.invoke0(Native Method)
	at java.base/jdk.internal.reflect.NativeMethodAccessorImpl.invoke(NativeMethodAccessorImpl.java:77)
	at java.base/jdk.internal.reflect.DelegatingMethodAccessorImpl.invoke(DelegatingMethodAccessorImpl.java:43)
	at java.base/java.lang.reflect.Method.invoke(Method.java:568)
	at org.springframework.aop.support.AopUtils.invokeJoinpointUsingReflection(AopUtils.java:359)
	at org.springframework.aop.framework.ReflectiveMethodInvocation.invokeJoinpoint(ReflectiveMethodInvocation.java:196)
	at org.springframework.aop.framework.ReflectiveMethodInvocation.proceed(ReflectiveMethodInvocation.java:163)
	at org.springframework.aop.aspectj.MethodInvocationProceedingJoinPoint.proceed(MethodInvocationProceedingJoinPoint.java:89)
	at jco.jcosaprfclink.config.saprfc.connection.handler.RfcLoggingAspect.logRfcExecution(RfcLoggingAspect.java:21)
	at java.base/jdk.internal.reflect.NativeMethodAccessorImpl.invoke0(Native Method)
	at java.base/jdk.internal.reflect.NativeMethodAccessorImpl.invoke(NativeMethodAccessorImpl.java:77)
	at java.base/jdk.internal.reflect.DelegatingMethodAccessorImpl.invoke(DelegatingMethodAccessorImpl.java:43)
	at java.base/java.lang.reflect.Method.invoke(Method.java:568)
	at org.springframework.aop.aspectj.AbstractAspectJAdvice.invokeAdviceMethodWithGivenArgs(AbstractAspectJAdvice.java:642)
	at org.springframework.aop.aspectj.AbstractAspectJAdvice.invokeAdviceMethod(AbstractAspectJAdvice.java:632)
	at org.springframework.aop.aspectj.AspectJAroundAdvice.invoke(AspectJAroundAdvice.java:71)
	at org.springframework.aop.framework.ReflectiveMethodInvocation.proceed(ReflectiveMethodInvocation.java:184)
	at org.springframework.aop.interceptor.ExposeInvocationInterceptor.invoke(ExposeInvocationInterceptor.java:97)
	at org.springframework.aop.framework.ReflectiveMethodInvocation.proceed(ReflectiveMethodInvocation.java:184)
	at org.springframework.aop.framework.CglibAopProxy$DynamicAdvisedInterceptor.intercept(CglibAopProxy.java:728)
	at jco.jcosaprfclink.config.saprfc.connection.handler.TaxInvoiceStateHandler$$SpringCGLIB$$0.handleRequest(<generated>)
	at com.sap.conn.jco.rt.DefaultServerWorker$FunctionDispatcher.handleRequest(DefaultServerWorker.java:1041)
	at com.sap.conn.jco.rt.DefaultServerWorker$FunctionDispatcher.handleRequest(DefaultServerWorker.java:977)
	at com.sap.conn.jco.rt.DefaultServerWorker.dispatchRequest(DefaultServerWorker.java:148)
	at com.sap.conn.jco.rt.MiddlewareJavaRfc$JavaRfcServer.dispatchRequest(MiddlewareJavaRfc.java:3685)
	at com.sap.conn.jco.rt.MiddlewareJavaRfc$JavaRfcServer.listen(MiddlewareJavaRfc.java:2729)
	at com.sap.conn.jco.rt.DefaultServerWorker.dispatch(DefaultServerWorker.java:275)
	at com.sap.conn.jco.rt.DefaultServerWorker.loop(DefaultServerWorker.java:356)
	at com.sap.conn.jco.rt.DefaultServerWorker.run(DefaultServerWorker.java:232)
	at java.base/java.lang.Thread.run(Thread.java:833)
Caused by: java.lang.ClassCastException: class org.json.simple.JSONObject cannot be cast to class org.json.simple.JSONArray (org.json.simple.JSONObject and org.json.simple.JSONArray are in unnamed module of loader 'app')
	at jco.jcosaprfclink.utils.JsonPaserUtil.getJsonArrayFromString(JsonPaserUtil.java:84)
	at jco.jcosaprfclink.service.TaxInvoiceStateService.processResponseAndMapToSap(TaxInvoiceStateService.java:91)
	at jco.jcosaprfclink.service.TaxInvoiceStateService.taxinvoiceState(TaxInvoiceStateService.java:50)
	... 52 common frames omitted
[ERROR] 17:36:22.901 j.j.c.s.c.handler.RfcLoggingAspect - RFC ø‰√ª Ω«∆–: function=ZFI_TAXINV_STATUS_TO_WEB, error=SAP RFC √≥∏Æ ¡ﬂ øπø‹ πﬂª˝: ºº±›∞ËªÍº≠ ªÛ≈¬ ¡∂»∏ Ω«∆–
java.lang.RuntimeException: SAP RFC √≥∏Æ ¡ﬂ øπø‹ πﬂª˝: ºº±›∞ËªÍº≠ ªÛ≈¬ ¡∂»∏ Ω«∆–
	at jco.jcosaprfclink.config.saprfc.connection.handler.TaxInvoiceStateHandler.handleRequest(TaxInvoiceStateHandler.java:53)
	at java.base/jdk.internal.reflect.NativeMethodAccessorImpl.invoke0(Native Method)
	at java.base/jdk.internal.reflect.NativeMethodAccessorImpl.invoke(NativeMethodAccessorImpl.java:77)
	at java.base/jdk.internal.reflect.DelegatingMethodAccessorImpl.invoke(DelegatingMethodAccessorImpl.java:43)
	at java.base/java.lang.reflect.Method.invoke(Method.java:568)
	at org.springframework.aop.support.AopUtils.invokeJoinpointUsingReflection(AopUtils.java:359)
	at org.springframework.aop.framework.ReflectiveMethodInvocation.invokeJoinpoint(ReflectiveMethodInvocation.java:196)
	at org.springframework.aop.framework.ReflectiveMethodInvocation.proceed(ReflectiveMethodInvocation.java:163)
	at org.springframework.aop.aspectj.MethodInvocationProceedingJoinPoint.proceed(MethodInvocationProceedingJoinPoint.java:89)
	at jco.jcosaprfclink.config.saprfc.connection.handler.RfcLoggingAspect.logRfcExecution(RfcLoggingAspect.java:21)
	at java.base/jdk.internal.reflect.NativeMethodAccessorImpl.invoke0(Native Method)
	at java.base/jdk.internal.reflect.NativeMethodAccessorImpl.invoke(NativeMethodAccessorImpl.java:77)
	at java.base/jdk.internal.reflect.DelegatingMethodAccessorImpl.invoke(DelegatingMethodAccessorImpl.java:43)
	at java.base/java.lang.reflect.Method.invoke(Method.java:568)
	at org.springframework.aop.aspectj.AbstractAspectJAdvice.invokeAdviceMethodWithGivenArgs(AbstractAspectJAdvice.java:642)
	at org.springframework.aop.aspectj.AbstractAspectJAdvice.invokeAdviceMethod(AbstractAspectJAdvice.java:632)
	at org.springframework.aop.aspectj.AspectJAroundAdvice.invoke(AspectJAroundAdvice.java:71)
	at org.springframework.aop.framework.ReflectiveMethodInvocation.proceed(ReflectiveMethodInvocation.java:184)
	at org.springframework.aop.interceptor.ExposeInvocationInterceptor.invoke(ExposeInvocationInterceptor.java:97)
	at org.springframework.aop.framework.ReflectiveMethodInvocation.proceed(ReflectiveMethodInvocation.java:184)
	at org.springframework.aop.framework.CglibAopProxy$DynamicAdvisedInterceptor.intercept(CglibAopProxy.java:728)
	at jco.jcosaprfclink.config.saprfc.connection.handler.TaxInvoiceStateHandler$$SpringCGLIB$$0.handleRequest(<generated>)
	at com.sap.conn.jco.rt.DefaultServerWorker$FunctionDispatcher.handleRequest(DefaultServerWorker.java:1041)
	at com.sap.conn.jco.rt.DefaultServerWorker$FunctionDispatcher.handleRequest(DefaultServerWorker.java:977)
	at com.sap.conn.jco.rt.DefaultServerWorker.dispatchRequest(DefaultServerWorker.java:148)
	at com.sap.conn.jco.rt.MiddlewareJavaRfc$JavaRfcServer.dispatchRequest(MiddlewareJavaRfc.java:3685)
	at com.sap.conn.jco.rt.MiddlewareJavaRfc$JavaRfcServer.listen(MiddlewareJavaRfc.java:2729)
	at com.sap.conn.jco.rt.DefaultServerWorker.dispatch(DefaultServerWorker.java:275)
	at com.sap.conn.jco.rt.DefaultServerWorker.loop(DefaultServerWorker.java:356)
	at com.sap.conn.jco.rt.DefaultServerWorker.run(DefaultServerWorker.java:232)
	at java.base/java.lang.Thread.run(Thread.java:833)
Caused by: java.lang.RuntimeException: ºº±›∞ËªÍº≠ ªÛ≈¬ ¡∂»∏ Ω«∆–
	at jco.jcosaprfclink.service.TaxInvoiceStateService.taxinvoiceState(TaxInvoiceStateService.java:55)
	at java.base/jdk.internal.reflect.NativeMethodAccessorImpl.invoke0(Native Method)
	at java.base/jdk.internal.reflect.NativeMethodAccessorImpl.invoke(NativeMethodAccessorImpl.java:77)
	at java.base/jdk.internal.reflect.DelegatingMethodAccessorImpl.invoke(DelegatingMethodAccessorImpl.java:43)
	at java.base/java.lang.reflect.Method.invoke(Method.java:568)
	at org.springframework.aop.support.AopUtils.invokeJoinpointUsingReflection(AopUtils.java:359)
	at org.springframework.aop.framework.ReflectiveMethodInvocation.invokeJoinpoint(ReflectiveMethodInvocation.java:196)
	at org.springframework.aop.framework.ReflectiveMethodInvocation.proceed(ReflectiveMethodInvocation.java:163)
	at org.springframework.aop.aspectj.MethodInvocationProceedingJoinPoint.proceed(MethodInvocationProceedingJoinPoint.java:89)
	at jco.jcosaprfclink.config.aop.TimeTraceAspect.traceTime(TimeTraceAspect.java:27)
	at java.base/jdk.internal.reflect.NativeMethodAccessorImpl.invoke0(Native Method)
	at java.base/jdk.internal.reflect.NativeMethodAccessorImpl.invoke(NativeMethodAccessorImpl.java:77)
	at java.base/jdk.internal.reflect.DelegatingMethodAccessorImpl.invoke(DelegatingMethodAccessorImpl.java:43)
	at java.base/java.lang.reflect.Method.invoke(Method.java:568)
	at org.springframework.aop.aspectj.AbstractAspectJAdvice.invokeAdviceMethodWithGivenArgs(AbstractAspectJAdvice.java:642)
	at org.springframework.aop.aspectj.AbstractAspectJAdvice.invokeAdviceMethod(AbstractAspectJAdvice.java:632)
	at org.springframework.aop.aspectj.AspectJAroundAdvice.invoke(AspectJAroundAdvice.java:71)
	at org.springframework.aop.framework.ReflectiveMethodInvocation.proceed(ReflectiveMethodInvocation.java:173)
	at org.springframework.aop.interceptor.ExposeInvocationInterceptor.invoke(ExposeInvocationInterceptor.java:97)
	at org.springframework.aop.framework.ReflectiveMethodInvocation.proceed(ReflectiveMethodInvocation.java:184)
	at org.springframework.aop.framework.CglibAopProxy$DynamicAdvisedInterceptor.intercept(CglibAopProxy.java:728)
	at jco.jcosaprfclink.service.TaxInvoiceStateService$$SpringCGLIB$$0.taxinvoiceState(<generated>)
	at jco.jcosaprfclink.config.saprfc.connection.handler.TaxInvoiceStateHandler.handleRequest(TaxInvoiceStateHandler.java:49)
	... 30 common frames omitted
Caused by: java.lang.ClassCastException: class org.json.simple.JSONObject cannot be cast to class org.json.simple.JSONArray (org.json.simple.JSONObject and org.json.simple.JSONArray are in unnamed module of loader 'app')
	at jco.jcosaprfclink.utils.JsonPaserUtil.getJsonArrayFromString(JsonPaserUtil.java:84)
	at jco.jcosaprfclink.service.TaxInvoiceStateService.processResponseAndMapToSap(TaxInvoiceStateService.java:91)
	at jco.jcosaprfclink.service.TaxInvoiceStateService.taxinvoiceState(TaxInvoiceStateService.java:50)
	... 52 common frames omitted
